2025-08-30 05:00:11 -  [Thread debugging using libthread_db enabled]
2025-08-30 05:00:11 -  Using host libthread_db library "/lib/x86_64-linux-gnu/libthread_db.so.1".
2025-08-30 05:00:12 -  [New Thread 0x7ffff5b23700 (LWP 187910)]
2025-08-30 05:00:12 -  [New Thread 0x7ffff5322700 (LWP 187911)]
2025-08-30 05:00:12 -  The OTG-BR - Version: (1.4)
2025-08-30 05:00:12 -  Compiled with: GNU C++ version 9.4.0
2025-08-30 05:00:12 -  Compiled on Aug 12 2025 23:00:12 for platform x64
2025-08-30 05:00:12 -  
2025-08-30 05:00:12 -  Engine Credits for: TFS Team, OTG Team....
2025-08-30 05:00:12 -  A server developed by Johncore, Mark Samman and Jonathan..
2025-08-30 05:00:12 -  
2025-08-30 05:00:12 -  >> Loading config: config.lua
2025-08-30 05:00:12 -  >> Establishing database connection...WARNING: MYSQL_OPT_RECONNECT is deprecated and will be removed in a future version.
2025-08-30 05:00:12 -   MySQL 8.0.42
2025-08-30 05:00:12 -  >> Running database manager
2025-08-30 05:00:12 -  WARNING: MYSQL_OPT_RECONNECT is deprecated and will be removed in a future version.
2025-08-30 05:00:12 -  [New Thread 0x7ffff4b0d700 (LWP 187912)]
2025-08-30 05:00:12 -  > Optimizing table players_online... [success]
2025-08-30 05:00:12 -  > Optimizing table tile_store... [success]
2025-08-30 05:00:12 -  >> Loading vocations
2025-08-30 05:00:12 -  >> Loading items
2025-08-30 05:00:12 -  >> Loading script systems
2025-08-30 05:00:12 -  >> Loading lua libs
2025-08-30 05:00:13 -  >> Loading bestiary
2025-08-30 05:00:13 -  >> Loading lua scripts
2025-08-30 05:00:13 -  >> Loading monsters
2025-08-30 05:00:13 -  >> Loading lua monsters
2025-08-30 05:00:13 -  >> Loading outfits
2025-08-30 05:00:13 -  >> Loading imbuements
2025-08-30 05:00:13 -  >> Loading charms
2025-08-30 05:00:13 -  >> Loading Store
2025-08-30 05:00:13 -  >> Loading prey data
2025-08-30 05:00:13 -  >> Checking world type... RETRO-PVP
2025-08-30 05:00:13 -  >> Loading map
2025-08-30 05:00:20 -  > Map size: 2293x2048.
2025-08-30 05:00:36 -  > Map loading time: 23.043 seconds.
2025-08-30 05:00:37 -  > Loaded house items in: 0.008 s
2025-08-30 05:00:37 -  >> Loading guilds... No guild to load.
2025-08-30 05:00:37 -  >> Initializing gamestate
2025-08-30 05:00:38 -  > Loaded spawns in 0.582 seconds.
2025-08-30 05:00:38 -  >> Loaded 202 npcs and spawned 21092 monsters.
2025-08-30 05:00:38 -  >> Loaded 17 towns with 588 houses in total.
2025-08-30 05:00:38 -  >> Start time: 30.08.2025 - 05:00:38
2025-08-30 05:00:38 -  Initialization complete.
2025-08-30 05:00:38 -  >> Loaded all modules, server starting up...
2025-08-30 05:00:38 -  > Warning: OTG-BR has been executed as root user, please consider running it as a normal user.
2025-08-30 05:00:38 -  >> Middle Earth Server Server Online!
2025-08-30 05:00:38 -  
2025-08-30 05:00:38 -  >> Server started in 26.034 seconds.
2025-08-30 05:00:38 -  Loading Tumzao...
2025-08-30 05:00:38 -  Tumzao has logged in.
2025-08-30 05:00:38 -  Loading Dark Bebo...
2025-08-30 05:00:38 -  Dark Bebo has logged in.
2025-08-30 05:00:38 -  Loading Elrond Druid...
2025-08-30 05:00:38 -  Elrond Druid has logged in.
2025-08-30 05:00:38 -  Loading Aleska Teodoro...
2025-08-30 05:00:38 -  Aleska Teodoro has logged in.
2025-08-30 05:00:38 -  Loading Kaka Bueno...
2025-08-30 05:00:38 -  Kaka Bueno has logged in.
2025-08-30 05:00:38 -  Loading Elfzada...
2025-08-30 05:00:38 -  Elfzada has logged in.
2025-08-30 05:00:38 -  Loading Finado Guerme...
2025-08-30 05:00:38 -  Finado Guerme has logged in.
2025-08-30 05:00:38 -  Loading Eho Jhon...
2025-08-30 05:00:38 -  Eho Jhon has logged in.
2025-08-30 05:00:38 -  Loading Holly Bolter...
2025-08-30 05:00:38 -  Holly Bolter has logged in.
2025-08-30 05:00:38 -  Loading Morte...
2025-08-30 05:00:38 -  Morte has logged in.
2025-08-30 05:00:38 -  Loading Oppenheimer...
2025-08-30 05:00:38 -  Oppenheimer has logged in.
2025-08-30 05:00:39 -  Loading Lula...
2025-08-30 05:00:39 -  Lula has logged in.
2025-08-30 05:00:39 -  Loading Pinoquio...
2025-08-30 05:00:39 -  Pinoquio has logged in.
2025-08-30 05:00:39 -  Loading Reiyu Shita...
2025-08-30 05:00:39 -  Reiyu Shita has logged in.
2025-08-30 05:00:39 -  Loading China Money Maker...
2025-08-30 05:00:39 -  China Money Maker has logged in.
2025-08-30 05:00:39 -  Loading China Weed Lover...
2025-08-30 05:00:39 -  China Weed Lover has logged in.
2025-08-30 05:00:39 -  Loading Sujiro Kimechup...
2025-08-30 05:00:39 -  Sujiro Kimechup has logged in.
2025-08-30 05:00:39 -  Loading Papa Leguas...
2025-08-30 05:00:39 -  Papa Leguas has logged in.
2025-08-30 05:00:40 -  Loading Labanquito...
2025-08-30 05:00:40 -  Labanquito has logged in.
2025-08-30 05:00:40 -  Loading Meliodas...
2025-08-30 05:00:40 -  Meliodas has logged in.
2025-08-30 05:00:40 -  Loading Kropokiev...
2025-08-30 05:00:40 -  Kropokiev has logged in.
2025-08-30 05:00:40 -  Loading Ozymandias...
2025-08-30 05:00:40 -  Ozymandias has logged in.
2025-08-30 05:00:40 -  Loading Stark...
2025-08-30 05:00:40 -  Stark has logged in.
2025-08-30 05:00:40 -  Loading Zangief...
2025-08-30 05:00:40 -  Zangief has logged in.
2025-08-30 05:00:40 -  Loading Robin Hood...
2025-08-30 05:00:40 -  Robin Hood has logged in.
2025-08-30 05:00:40 -  Loading Awesome Sophia...
2025-08-30 05:00:40 -  Awesome Sophia has logged in.
2025-08-30 05:00:40 -  Loading Gepeto...
2025-08-30 05:00:40 -  Gepeto has logged in.
2025-08-30 05:00:40 -  Loading Tutubarao...
2025-08-30 05:00:40 -  Tutubarao has logged in.
2025-08-30 05:00:42 -  Loading Luana Moranguinho...
2025-08-30 05:00:43 -  Luana Moranguinho has logged in.
2025-08-30 05:00:50 -  Loading Receptaculo...
2025-08-30 05:00:50 -  Receptaculo has logged in.
2025-08-30 05:00:50 -  Loading Ojuara...
2025-08-30 05:00:50 -  Ojuara has logged in.
2025-08-30 05:00:50 -  Loading Alagoano Alma...
2025-08-30 05:00:50 -  Alagoano Alma has logged in.
2025-08-30 05:00:51 -  Loading Putifero...
2025-08-30 05:00:51 -  Putifero has logged in.
2025-08-30 05:04:45 -  Loading Negrosaki...
2025-08-30 05:04:45 -  Negrosaki has logged in.
2025-08-30 05:05:04 -  Loading Soul Magister...
2025-08-30 05:05:04 -  Soul Magister has logged in.
2025-08-30 05:10:26 -  Finado Guerme has logged out.
2025-08-30 05:10:58 -  Loading Finado Guerme...
2025-08-30 05:10:58 -  Finado Guerme has logged in.
2025-08-30 05:14:38 -  Holly Bolter has logged out.
2025-08-30 05:15:10 -  Loading Holly Bolter...
2025-08-30 05:15:10 -  Holly Bolter has logged in.
2025-08-30 05:16:12 -  Receptaculo has logged out.
2025-08-30 05:25:33 -  [BOSS SYSTEM] Spawned: Obujos
2025-08-30 05:25:33 -  Loading Kyou Kai...
2025-08-30 05:25:33 -  Kyou Kai has logged in.
2025-08-30 05:42:06 -  [BOSS SYSTEM] Spawned: Smaug
2025-08-30 05:42:06 -  Robin Hood has logged out.
2025-08-30 05:42:39 -  Loading Robin Hood...
2025-08-30 05:42:39 -  Robin Hood has logged in.
2025-08-30 05:53:24 -  Ozymandias has logged out.
2025-08-30 05:53:43 -  Loading Ozymandias...
2025-08-30 05:53:43 -  Ozymandias has logged in.
2025-08-30 06:01:36 -  [BOSS SYSTEM] Spawned: Ancalagon
2025-08-30 06:01:36 -  Loading Andin Inevitavel...
2025-08-30 06:01:36 -  Andin Inevitavel has logged in.
2025-08-30 06:02:13 -  Saving server... 30/08/2025 06:02:13
2025-08-30 06:02:14 -  > Saved house items in: 0.166 s
2025-08-30 06:05:33 -  Tumzao has logged out.
2025-08-30 06:05:35 -  Loading Tumzao...
2025-08-30 06:05:35 -  Tumzao has logged in.
2025-08-30 06:22:49 -  [BOSS SYSTEM] Spawned: Zamulosh
2025-08-30 06:22:49 -  Loading Receptaculo...
2025-08-30 06:22:49 -  Receptaculo has logged in.
2025-08-30 06:37:38 -  Tutubarao has logged out.
2025-08-30 06:37:52 -  Tumzao has logged out.
2025-08-30 06:37:53 -  Loading Tumzao...
2025-08-30 06:37:53 -  Tumzao has logged in.
2025-08-30 06:37:57 -  Loading Tutubarao...
2025-08-30 06:37:57 -  Tutubarao has logged in.
2025-08-30 06:46:19 -  [BOSS SYSTEM] Spawned: Son of Ancalagon
2025-08-30 06:46:19 -  Loading Sauron...
2025-08-30 06:46:19 -  Sauron has logged in.
2025-08-30 07:00:04 -  Sauron has logged out.
2025-08-30 07:00:07 -  Loading Sauron...
2025-08-30 07:00:07 -  Sauron has logged in.
2025-08-30 07:02:13 -  [BOSS SYSTEM] Spawned: Jaul
2025-08-30 07:02:13 -  Saving server... 30/08/2025 07:02:13
2025-08-30 07:02:14 -  > Saved house items in: 0.178 s
2025-08-30 07:06:35 -  Negrosaki has logged out.
2025-08-30 07:06:37 -  Loading Negrosaki...
2025-08-30 07:06:37 -  Negrosaki has logged in.
2025-08-30 07:26:37 -  [BOSS SYSTEM] Spawned: The Necromancer
2025-08-30 07:26:37 -  Loading Dumdum...
2025-08-30 07:26:37 -  Dumdum has logged in.
2025-08-30 07:27:19 -  Loading Derethor...
2025-08-30 07:27:19 -  Derethor has logged in.
2025-08-30 07:29:54 -  Eho Jhon has logged out.
2025-08-30 07:29:57 -  Loading Eho Jhon...
2025-08-30 07:29:57 -  Eho Jhon has logged in.
2025-08-30 07:32:44 -  Loading Orc Lokao...
2025-08-30 07:32:44 -  Orc Lokao has logged in.
2025-08-30 07:46:02 -  [BOSS SYSTEM] Spawned: Ferumbras
2025-08-30 07:46:02 -  Loading Re Zero Beatrice...
2025-08-30 07:46:02 -  Re Zero Beatrice has logged in.
2025-08-30 07:53:32 -  Orc Lokao has logged out.
2025-08-30 07:53:33 -  Loading Orc Lokao...
2025-08-30 07:53:33 -  Orc Lokao has logged in.
2025-08-30 07:54:06 -  Orc Lokao has logged out.
2025-08-30 07:54:08 -  Loading Orc Lokao...
2025-08-30 07:54:08 -  Orc Lokao has logged in.
2025-08-30 07:54:32 -  Lula has logged out.
2025-08-30 07:54:45 -  Loading Lula...
2025-08-30 07:54:45 -  Lula has logged in.
2025-08-30 07:54:52 -  Papa Leguas has logged out.
2025-08-30 07:54:54 -  Loading Papa Leguas...
2025-08-30 07:54:54 -  Papa Leguas has logged in.
2025-08-30 07:56:58 -  Negrosaki has logged out.
2025-08-30 07:57:06 -  Soul Magister has logged out.
2025-08-30 07:58:05 -  Loading Gaa Ahz...
2025-08-30 07:58:05 -  Gaa Ahz has logged in.
2025-08-30 07:59:40 -  Loading Usain Arrow...
2025-08-30 07:59:40 -  Usain Arrow has logged in.
2025-08-30 07:59:46 -  Lula has logged out.
2025-08-30 07:59:55 -  Loading Lula...
2025-08-30 07:59:55 -  Lula has logged in.
2025-08-30 07:59:56 -  Gaa Ahz has logged out.
2025-08-30 07:59:59 -  Loading Gaa Ahz...
2025-08-30 07:59:59 -  Gaa Ahz has logged in.
2025-08-30 08:00:13 -  [BOSS SYSTEM] Spawned: Emelianenko
2025-08-30 08:00:13 -  Tumzao has logged out.
2025-08-30 08:00:16 -  Loading Tumzao...
2025-08-30 08:00:16 -  Tumzao has logged in.
2025-08-30 08:00:33 -  Usain Arrow has logged out.
2025-08-30 08:01:34 -  Andin Inevitavel has logged out.
2025-08-30 08:01:37 -  Loading Anderson Inevitavel...
2025-08-30 08:01:37 -  Anderson Inevitavel has logged in.
2025-08-30 08:02:13 -  Saving server... 30/08/2025 08:02:13
2025-08-30 08:02:14 -  > Saved house items in: 0.136 s
2025-08-30 08:04:13 -  Anderson Inevitavel has logged out.
2025-08-30 08:04:16 -  Loading Anderson Inevitavel...
2025-08-30 08:04:16 -  Anderson Inevitavel has logged in.
2025-08-30 08:09:49 -  Anderson Inevitavel has logged out.
2025-08-30 08:09:51 -  Loading Anderson Inevitavel...
2025-08-30 08:09:51 -  Anderson Inevitavel has logged in.
2025-08-30 08:10:21 -  Anderson Inevitavel has logged out.
2025-08-30 08:10:22 -  Loading Andin Inevitavel...
2025-08-30 08:10:22 -  Andin Inevitavel has logged in.
2025-08-30 08:11:57 -  Andin Inevitavel has logged out.
2025-08-30 08:12:28 -  Loading Anna Koldings...
2025-08-30 08:12:28 -  Anna Koldings has logged in.
2025-08-30 08:15:45 -  Orc Lokao has logged out.
2025-08-30 08:16:02 -  Gaa Ahz has logged out.
2025-08-30 08:16:05 -  Loading Gaa Ahz...
2025-08-30 08:16:05 -  Gaa Ahz has logged in.
2025-08-30 08:16:51 -  Elrond Druid has logged out.
2025-08-30 08:16:53 -  Loading Elrond Druid...
2025-08-30 08:16:53 -  Elrond Druid has logged in.
2025-08-30 08:19:18 -  Elrond Druid has logged out.
2025-08-30 08:19:20 -  Loading Elrond Druid...
2025-08-30 08:19:20 -  Elrond Druid has logged in.
2025-08-30 08:24:48 -  [BOSS SYSTEM] Spawned: Baalrog
2025-08-30 08:24:48 -  Luana Moranguinho has logged out.
2025-08-30 08:27:27 -  Derethor has logged out.
2025-08-30 08:27:30 -  Loading Derethor...
2025-08-30 08:27:30 -  Derethor has logged in.
2025-08-30 08:29:00 -  Re Zero Beatrice has logged out.
2025-08-30 08:29:03 -  Loading Re Zero Beatrice...
2025-08-30 08:29:03 -  Re Zero Beatrice has logged in.
2025-08-30 08:31:14 -  Loading Skull Warrior...
2025-08-30 08:31:14 -  Skull Warrior has logged in.
2025-08-30 08:32:07 -  Gaa Ahz has logged out.
2025-08-30 08:32:09 -  Loading Gaa Ahz...
2025-08-30 08:32:09 -  Gaa Ahz has logged in.
2025-08-30 08:32:49 -  Loading Luana Moranguinho...
2025-08-30 08:32:50 -  Luana Moranguinho has logged in.
2025-08-30 08:35:37 -  Elfzada has logged out.
2025-08-30 08:35:40 -  Loading Elfzada...
2025-08-30 08:35:40 -  Elfzada has logged in.
2025-08-30 08:35:42 -  Derethor has logged out.
2025-08-30 08:35:44 -  Loading Derethor...
2025-08-30 08:35:44 -  Derethor has logged in.
2025-08-30 08:36:00 -  Elrond Druid has logged out.
2025-08-30 08:36:31 -  Eho Jhon has logged out.
2025-08-30 08:36:33 -  Loading Eho Jhon...
2025-08-30 08:36:33 -  Eho Jhon has logged in.
2025-08-30 08:38:41 -  Skull Warrior has logged out.
2025-08-30 08:39:15 -  Loading Elrond Druid...
2025-08-30 08:39:15 -  Elrond Druid has logged in.
2025-08-30 08:41:34 -  [BOSS SYSTEM] Spawned: Scatha
2025-08-30 08:41:34 -  Elrond Druid has logged out.
2025-08-30 08:41:36 -  Loading Elrond Druid...
2025-08-30 08:41:36 -  Elrond Druid has logged in.
2025-08-30 08:41:50 -  Loading Joninha...
2025-08-30 08:41:50 -  Joninha has logged in.
2025-08-30 08:42:54 -  Ozymandias has logged out.
2025-08-30 08:42:56 -  Loading Skull Warrior...
2025-08-30 08:42:56 -  Skull Warrior has logged in.
2025-08-30 08:43:11 -  Loading Ozymandias...
2025-08-30 08:43:11 -  Ozymandias has logged in.
2025-08-30 08:44:21 -  Joninha has logged out.
2025-08-30 08:47:05 -  Meliodas has logged out.
2025-08-30 08:48:12 -  Gaa Ahz has logged out.
2025-08-30 08:48:15 -  Loading Gaa Ahz...
2025-08-30 08:48:15 -  Gaa Ahz has logged in.
2025-08-30 08:53:04 -  Eho Jhon has logged out.
2025-08-30 08:53:16 -  Loading Eho Jhon...
2025-08-30 08:53:16 -  Eho Jhon has logged in.
2025-08-30 08:53:23 -  Dumdum has logged out.
2025-08-30 08:53:56 -  Loading Dumdum...
2025-08-30 08:53:56 -  Dumdum has logged in.
2025-08-30 08:59:30 -  Eho Jhon has logged out.
2025-08-30 08:59:32 -  Loading Eho Jhon...
2025-08-30 08:59:32 -  Eho Jhon has logged in.
2025-08-30 09:01:31 -  [BOSS SYSTEM] Spawned: Evancing
2025-08-30 09:01:31 -  Loading Skylline...
2025-08-30 09:01:31 -  Skylline has logged in.
2025-08-30 09:01:53 -  Skylline has logged out.
2025-08-30 09:01:59 -  Loading Skylline...
2025-08-30 09:01:59 -  Skylline has logged in.
2025-08-30 09:02:13 -  Saving server... 30/08/2025 09:02:13
2025-08-30 09:02:14 -  > Saved house items in: 0.12 s
2025-08-30 09:05:21 -  Loading Alexia Putellas...
2025-08-30 09:05:21 -  Alexia Putellas has logged in.
2025-08-30 09:05:26 -  Loading Mata Jack...
2025-08-30 09:05:26 -  Mata Jack has logged in.
2025-08-30 09:06:05 -  Elfzada has logged out.
2025-08-30 09:06:06 -  Derethor has logged out.
2025-08-30 09:06:38 -  Loading Derethor...
2025-08-30 09:06:38 -  Derethor has logged in.
2025-08-30 09:06:38 -  Loading Elfzada...
2025-08-30 09:06:38 -  Elfzada has logged in.
2025-08-30 09:18:40 -  Eho Jhon has logged out.
2025-08-30 09:18:45 -  Loading Eho Jhon...
2025-08-30 09:18:45 -  Eho Jhon has logged in.
2025-08-30 09:19:00 -  Derethor has logged out.
2025-08-30 09:19:28 -  Loading Derethor...
2025-08-30 09:19:28 -  Derethor has logged in.
2025-08-30 09:19:46 -  Loading Terceiro...
2025-08-30 09:19:46 -  Terceiro has logged in.
2025-08-30 09:24:26 -  [BOSS SYSTEM] Spawned: Avari Leader
2025-08-30 09:24:26 -  Eho Jhon has logged out.
2025-08-30 09:24:31 -  Loading Eho Jhon...
2025-08-30 09:24:31 -  Eho Jhon has logged in.
2025-08-30 09:24:31 -  Dumdum has logged out.
2025-08-30 09:24:35 -  Elfzada has logged out.
2025-08-30 09:24:36 -  Derethor has logged out.
2025-08-30 09:24:42 -  Loading Derethor...
2025-08-30 09:24:42 -  Derethor has logged in.
2025-08-30 09:24:42 -  Loading Elfzada...
2025-08-30 09:24:42 -  Elfzada has logged in.
2025-08-30 09:24:43 -  Loading Dumdum...
2025-08-30 09:24:43 -  Dumdum has logged in.
2025-08-30 09:24:58 -  Terceiro has logged out.
2025-08-30 09:26:12 -  Loading Terceiro...
2025-08-30 09:26:12 -  Terceiro has logged in.
2025-08-30 09:27:08 -  Terceiro has logged out.
2025-08-30 09:27:13 -  Lula has logged out.
2025-08-30 09:27:16 -  Loading Lula...
2025-08-30 09:27:16 -  Lula has logged in.
2025-08-30 09:27:27 -  Loading Terceiro...
2025-08-30 09:27:27 -  Terceiro has logged in.
2025-08-30 09:27:48 -  Terceiro has logged out.
2025-08-30 09:28:29 -  Loading Terceiro...
2025-08-30 09:28:29 -  Terceiro has logged in.
2025-08-30 09:33:25 -  Loading [CM] Middle Earth...
2025-08-30 09:33:25 -  [CM] Middle Earth has logged in.
2025-08-30 09:33:52 -  Loading Elzinho Druid...
2025-08-30 09:33:52 -  Elzinho Druid has logged in.
2025-08-30 09:35:03 -  Loading Archmage...
2025-08-30 09:35:03 -  Archmage has logged in.
2025-08-30 09:36:32 -  Loading Severino Elza...
2025-08-30 09:36:32 -  Severino Elza has logged in.
2025-08-30 09:36:45 -  Ozymandias has logged out.
2025-08-30 09:37:12 -  Loading Ozymandias...
2025-08-30 09:37:12 -  Ozymandias has logged in.
2025-08-30 09:37:17 -  Loading Jumahu...
2025-08-30 09:37:17 -  Jumahu has logged in.
2025-08-30 09:37:38 -  Loading Palla Tres...
2025-08-30 09:37:38 -  Palla Tres has logged in.
2025-08-30 09:38:04 -  Skylline has logged out.
2025-08-30 09:38:05 -  Re Zero Beatrice has logged out.
2025-08-30 09:38:10 -  Palla Tres has logged out.
2025-08-30 09:38:12 -  Loading Palla Um...
2025-08-30 09:38:12 -  Palla Um has logged in.
2025-08-30 09:38:15 -  Loading Re Zero Beatrice...
2025-08-30 09:38:15 -  Re Zero Beatrice has logged in.
2025-08-30 09:38:19 -  Palla Um has logged out.
2025-08-30 09:38:21 -  Loading Palla Dois...
2025-08-30 09:38:21 -  Palla Dois has logged in.
2025-08-30 09:38:43 -  Loading Logitch...
2025-08-30 09:38:43 -  Logitch has logged in.
2025-08-30 09:38:44 -  Loading Galinha...
2025-08-30 09:38:44 -  Galinha has logged in.
2025-08-30 09:38:45 -  Loading Paramax...
2025-08-30 09:38:45 -  Paramax has logged in.
2025-08-30 09:38:52 -  Galinha has logged out.
2025-08-30 09:38:53 -  Loading Porco...
2025-08-30 09:38:53 -  Porco has logged in.
2025-08-30 09:39:00 -  Porco has logged out.
2025-08-30 09:39:02 -  Loading Aranha...
2025-08-30 09:39:02 -  Aranha has logged in.
2025-08-30 09:41:08 -  [BOSS SYSTEM] Spawned: Olog-hai
2025-08-30 09:41:08 -  Lula has logged out.
2025-08-30 09:41:29 -  Loading Lula...
2025-08-30 09:41:29 -  Lula has logged in.
2025-08-30 09:41:29 -  Loading Skylline...
2025-08-30 09:41:29 -  Skylline has logged in.
2025-08-30 09:42:39 -  Terceiro has logged out.
2025-08-30 09:42:57 -  Loading Terceiro...
2025-08-30 09:42:57 -  Terceiro has logged in.
2025-08-30 09:44:01 -  Loading Drumbash Pebblebeard...
2025-08-30 09:44:01 -  Drumbash Pebblebeard has logged in.
2025-08-30 09:44:33 -  Drumbash Pebblebeard has logged out.
2025-08-30 09:46:03 -  Loading Dwarf King...
2025-08-30 09:46:03 -  Dwarf King has logged in.
2025-08-30 09:53:15 -  Ozymandias has logged out.
2025-08-30 09:53:18 -  Loading Ozymandias...
2025-08-30 09:53:18 -  Ozymandias has logged in.
2025-08-30 09:54:02 -  Loading Joninha...
2025-08-30 09:54:02 -  Joninha has logged in.
2025-08-30 09:54:52 -  Skylline has logged out.
2025-08-30 09:57:25 -  Terceiro has logged out.
2025-08-30 09:57:26 -  Loading Terceiro...
2025-08-30 09:57:26 -  Terceiro has logged in.
2025-08-30 09:58:55 -  Loading Orc Vegano...
2025-08-30 09:58:55 -  Orc Vegano has logged in.
2025-08-30 09:59:06 -  Loading Aokiji...
2025-08-30 09:59:06 -  Aokiji has logged in.
2025-08-30 10:00:06 -  Aokiji has logged out.
2025-08-30 10:00:40 -  [BOSS SYSTEM] Spawned: Valaraukar
2025-08-30 10:00:40 -  Loading Boia Fria...
2025-08-30 10:00:40 -  Boia Fria has logged in.
2025-08-30 10:01:02 -  Terceiro has logged out.
2025-08-30 10:01:08 -  Loading Takuza...
2025-08-30 10:01:08 -  Takuza has logged in.
2025-08-30 10:01:16 -  Loading Terceiro...
2025-08-30 10:01:16 -  Terceiro has logged in.
2025-08-30 10:02:13 -  Saving server... 30/08/2025 10:02:13
2025-08-30 10:02:14 -  > Saved house items in: 0.113 s
2025-08-30 10:02:15 -  Takuza has logged out.
2025-08-30 10:02:54 -  Loading Skylline...
2025-08-30 10:02:54 -  Skylline has logged in.
2025-08-30 10:03:40 -  Loading Magnitsky...
2025-08-30 10:03:40 -  Magnitsky has logged in.
2025-08-30 10:03:41 -  Loading Not Havenick...
2025-08-30 10:03:41 -  Not Havenick has logged in.
2025-08-30 10:04:06 -  Loading Tu Culo Es Mio...
2025-08-30 10:04:06 -  Tu Culo Es Mio has logged in.
2025-08-30 10:05:53 -  Mata Jack has logged out.
2025-08-30 10:06:50 -  Joninha has logged out.
2025-08-30 10:06:52 -  Loading Joninha...
2025-08-30 10:06:52 -  Joninha has logged in.
2025-08-30 10:07:03 -  Not Havenick has logged out.
2025-08-30 10:07:05 -  Loading Not Havenick...
2025-08-30 10:07:05 -  Not Havenick has logged in.
2025-08-30 10:09:18 -  Loading Thaynan Charlove...
2025-08-30 10:09:18 -  Thaynan Charlove has logged in.
2025-08-30 10:12:39 -  Not Havenick has logged out.
2025-08-30 10:13:12 -  Loading Not Havenick...
2025-08-30 10:13:12 -  Not Havenick has logged in.
2025-08-30 10:21:11 -  [BOSS SYSTEM] Spawned: Ungoliant
2025-08-30 10:21:11 -  Lula has logged out.
2025-08-30 10:21:42 -  Loading Lula...
2025-08-30 10:21:42 -  Lula has logged in.
2025-08-30 10:23:04 -  Joninha has logged out.
2025-08-30 10:23:07 -  Loading Joninha...
2025-08-30 10:23:07 -  Joninha has logged in.
2025-08-30 10:23:36 -  Robin Hood has logged out.
2025-08-30 10:23:47 -  Loading Robin Hood...
2025-08-30 10:23:47 -  Robin Hood has logged in.
2025-08-30 10:25:27 -  Boia Fria has logged out.
2025-08-30 10:25:28 -  Loading Boia Fria...
2025-08-30 10:25:28 -  Boia Fria has logged in.
2025-08-30 10:26:21 -  Loading Duboldinho...
2025-08-30 10:26:21 -  Duboldinho has logged in.
2025-08-30 10:29:18 -  Derethor has logged out.
2025-08-30 10:29:45 -  Loading Derethor...
2025-08-30 10:29:45 -  Derethor has logged in.
2025-08-30 10:32:12 -  Eho Jhon has logged out.
2025-08-30 10:32:13 -  Dumdum has logged out.
2025-08-30 10:32:15 -  Derethor has logged out.
2025-08-30 10:32:17 -  Loading Eho Jhon...
2025-08-30 10:32:17 -  Eho Jhon has logged in.
2025-08-30 10:32:17 -  Loading Derethor...
2025-08-30 10:32:17 -  Derethor has logged in.
2025-08-30 10:32:22 -  Loading Dumdum...
2025-08-30 10:32:22 -  Dumdum has logged in.
2025-08-30 10:32:41 -  Loading Xupaengola...
2025-08-30 10:32:41 -  Xupaengola has logged in.
2025-08-30 10:34:17 -  Elfzada has logged out.
2025-08-30 10:34:18 -  Eho Jhon has logged out.
2025-08-30 10:34:20 -  Dumdum has logged out.
2025-08-30 10:34:20 -  Loading Eho Jhon...
2025-08-30 10:34:20 -  Eho Jhon has logged in.
2025-08-30 10:34:22 -  Loading Dumdum...
2025-08-30 10:34:22 -  Dumdum has logged in.
2025-08-30 10:34:22 -  Derethor has logged out.
2025-08-30 10:34:24 -  Loading Derethor...
2025-08-30 10:34:24 -  Derethor has logged in.
2025-08-30 10:34:29 -  Loading Elfzada...
2025-08-30 10:34:29 -  Elfzada has logged in.
2025-08-30 10:35:19 -  Loading Mark...
2025-08-30 10:35:19 -  Mark has logged in.
2025-08-30 10:36:55 -  Mark has logged out.
2025-08-30 10:37:43 -  Elfzada has logged out.
2025-08-30 10:38:05 -  Derethor has logged out.
2025-08-30 10:38:05 -  Dumdum has logged out.
2025-08-30 10:38:14 -  Eho Jhon has logged out.
2025-08-30 10:38:16 -  Loading Elfzada...
2025-08-30 10:38:16 -  Elfzada has logged in.
2025-08-30 10:38:16 -  Loading Eho Jhon...
2025-08-30 10:38:16 -  Eho Jhon has logged in.
2025-08-30 10:38:18 -  Loading Dumdum...
2025-08-30 10:38:18 -  Dumdum has logged in.
2025-08-30 10:38:18 -  Loading Derethor...
2025-08-30 10:38:18 -  Derethor has logged in.
2025-08-30 10:38:24 -  Loading Loss N Blaze...
2025-08-30 10:38:24 -  Loss N Blaze has logged in.
2025-08-30 10:39:09 -  Joninha has logged out.
2025-08-30 10:39:12 -  Loading Joninha...
2025-08-30 10:39:12 -  Joninha has logged in.
2025-08-30 10:41:17 -  [BOSS SYSTEM] Spawned: Wormageddon
2025-08-30 10:41:17 -  Elfzada has logged out.
2025-08-30 10:41:21 -  Dumdum has logged out.
2025-08-30 10:41:25 -  Loading Dumdum...
2025-08-30 10:41:25 -  Dumdum has logged in.
2025-08-30 10:41:37 -  Derethor has logged out.
2025-08-30 10:41:40 -  Loading Derethor...
2025-08-30 10:41:40 -  Derethor has logged in.
2025-08-30 10:41:43 -  Loading Elfzada...
2025-08-30 10:41:43 -  Elfzada has logged in.
2025-08-30 10:43:00 -  Loading Zhang Chulan...
2025-08-30 10:43:00 -  Zhang Chulan has logged in.
2025-08-30 10:43:12 -  Loss N Blaze has logged out.
2025-08-30 10:43:13 -  Loading Loss N Blaze...
2025-08-30 10:43:13 -  Loss N Blaze has logged in.
2025-08-30 10:50:12 -  Lula has logged out.
2025-08-30 10:50:42 -  Loading Lula...
2025-08-30 10:50:42 -  Lula has logged in.
2025-08-30 10:51:42 -  Lula has logged out.
2025-08-30 10:53:14 -  Loading [GOD] Middle Earth...
2025-08-30 10:53:14 -  [GOD] Middle Earth has logged in.
2025-08-30 10:57:52 -  Holly Bolter has logged out.
2025-08-30 10:57:55 -  Loading Holly Bolter...
2025-08-30 10:57:55 -  Holly Bolter has logged in.
2025-08-30 11:02:13 -  [BOSS SYSTEM] Spawned: Cerberus
2025-08-30 11:02:13 -  Saving server... 30/08/2025 11:02:13
2025-08-30 11:02:14 -  > Saved house items in: 0.177 s
2025-08-30 11:03:03 -  Loading Lula...
2025-08-30 11:03:03 -  Lula has logged in.
2025-08-30 11:06:18 -  Holly Bolter has logged out.
2025-08-30 11:06:20 -  Loading Holly Bolter...
2025-08-30 11:06:20 -  Holly Bolter has logged in.
2025-08-30 11:07:07 -  Joninha has logged out.
2025-08-30 11:07:27 -  Holly Bolter has logged out.
2025-08-30 11:07:30 -  Loading Holly Bolter...
2025-08-30 11:07:30 -  Holly Bolter has logged in.
2025-08-30 11:08:56 -  Holly Bolter has logged out.
2025-08-30 11:08:58 -  Loading Holly Bolter...
2025-08-30 11:08:58 -  Holly Bolter has logged in.
2025-08-30 11:09:05 -  Lula has logged out.
2025-08-30 11:09:13 -  Loading Mono Dedo...
2025-08-30 11:09:13 -  Mono Dedo has logged in.
2025-08-30 11:09:17 -  Holly Bolter has logged out.
2025-08-30 11:09:34 -  Loading Holly Bolter...
2025-08-30 11:09:34 -  Holly Bolter has logged in.
2025-08-30 11:09:39 -  Eho Jhon has logged out.
2025-08-30 11:09:42 -  Loading Eho Jhon...
2025-08-30 11:09:42 -  Eho Jhon has logged in.
2025-08-30 11:10:54 -  Elfzada has logged out.
2025-08-30 11:10:59 -  Loading Elfzada...
2025-08-30 11:10:59 -  Elfzada has logged in.
2025-08-30 11:11:00 -  Dumdum has logged out.
2025-08-30 11:11:03 -  Derethor has logged out.
2025-08-30 11:11:06 -  Loading Derethor...
2025-08-30 11:11:06 -  Derethor has logged in.
2025-08-30 11:11:18 -  Loading Dumdum...
2025-08-30 11:11:18 -  Dumdum has logged in.
2025-08-30 11:12:35 -  Loading Benn Beckmann...
2025-08-30 11:12:35 -  Benn Beckmann has logged in.
2025-08-30 11:15:55 -  Loading Drumbash Pebblebeard...
2025-08-30 11:15:55 -  Drumbash Pebblebeard has logged in.
2025-08-30 11:16:10 -  Drumbash Pebblebeard has logged out.
2025-08-30 11:19:14 -  Elfzada has logged out.
2025-08-30 11:19:26 -  Eho Jhon has logged out.
2025-08-30 11:19:29 -  Loading Eho Jhon...
2025-08-30 11:19:29 -  Eho Jhon has logged in.
2025-08-30 11:19:29 -  Dumdum has logged out.
2025-08-30 11:19:29 -  Derethor has logged out.
2025-08-30 11:19:31 -  Loading Derethor...
2025-08-30 11:19:31 -  Derethor has logged in.
2025-08-30 11:19:43 -  Loading Elfzada...
2025-08-30 11:19:43 -  Elfzada has logged in.
2025-08-30 11:19:52 -  Loading Dumdum...
2025-08-30 11:19:52 -  Dumdum has logged in.
2025-08-30 11:20:50 -  [BOSS SYSTEM] Spawned: Saruman
2025-08-30 11:20:50 -  Derethor has logged out.
2025-08-30 11:20:53 -  Loading Derethor...
2025-08-30 11:20:53 -  Derethor has logged in.
2025-08-30 11:22:53 -  Derethor has logged out.
2025-08-30 11:22:56 -  Loading Derethor...
2025-08-30 11:22:56 -  Derethor has logged in.
2025-08-30 11:25:06 -  Ozymandias has logged out.
2025-08-30 11:28:36 -  Tumzao has logged out.
2025-08-30 11:28:40 -  Derethor has logged out.
2025-08-30 11:28:47 -  Eho Jhon has logged out.
2025-08-30 11:28:49 -  Loading Derethor...
2025-08-30 11:28:49 -  Derethor has logged in.
2025-08-30 11:28:50 -  Loading Eho Jhon...
2025-08-30 11:28:50 -  Eho Jhon has logged in.
2025-08-30 11:29:09 -  Loading Tumzao...
2025-08-30 11:29:09 -  Tumzao has logged in.
2025-08-30 11:30:01 -  Tutubarao has logged out.
2025-08-30 11:30:12 -  Re Zero Beatrice has logged out.
2025-08-30 11:30:14 -  Loading Re Zero Beatrice...
2025-08-30 11:30:14 -  Re Zero Beatrice has logged in.
2025-08-30 11:30:34 -  Loading Tutubarao...
2025-08-30 11:30:34 -  Tutubarao has logged in.
2025-08-30 11:32:03 -  Re Zero Beatrice has logged out.
2025-08-30 11:32:04 -  Derethor has logged out.
2025-08-30 11:32:05 -  Loading Re Zero Beatrice...
2025-08-30 11:32:05 -  Re Zero Beatrice has logged in.
2025-08-30 11:32:07 -  Loading Derethor...
2025-08-30 11:32:07 -  Derethor has logged in.
2025-08-30 11:32:43 -  Not Havenick has logged out.
2025-08-30 11:32:45 -  Loading Not Havenick...
2025-08-30 11:32:45 -  Not Havenick has logged in.
2025-08-30 11:34:32 -  Loading Mage Imortal...
2025-08-30 11:34:32 -  Mage Imortal has logged in.
2025-08-30 11:36:28 -  Mage Imortal has logged out.
2025-08-30 11:37:43 -  Elrond Druid has logged out.
2025-08-30 11:37:50 -  Loading Elrond Druid...
2025-08-30 11:37:50 -  Elrond Druid has logged in.
2025-08-30 11:39:11 -  Saving server... 30/08/2025 11:39:11
2025-08-30 11:39:12 -  > Saved house items in: 0.129 s
2025-08-30 11:42:09 -  Reloaded movements.
2025-08-30 11:42:09 -  [BOSS SYSTEM] Spawned: Lord of The Elements
2025-08-30 11:42:09 -  Robin Hood has logged out.
2025-08-30 11:43:31 -  Tumzao has logged out.
2025-08-30 11:43:39 -  Dumdum has logged out.
2025-08-30 11:43:43 -  Loading Dumdum...
2025-08-30 11:43:43 -  Dumdum has logged in.
2025-08-30 11:44:03 -  Loading Tumzao...
2025-08-30 11:44:03 -  Tumzao has logged in.
2025-08-30 11:44:10 -  Benn Beckmann has logged out.
2025-08-30 11:44:12 -  Loading Benn Beckmann...
2025-08-30 11:44:12 -  Benn Beckmann has logged in.
2025-08-30 11:44:46 -  Not Havenick has logged out.
2025-08-30 11:44:47 -  Loading Not Havenick...
2025-08-30 11:44:47 -  Not Havenick has logged in.
2025-08-30 11:45:54 -  Eho Jhon has logged out.
2025-08-30 11:45:58 -  Loading Eho Jhon...
2025-08-30 11:45:58 -  Eho Jhon has logged in.
2025-08-30 11:45:59 -  Derethor has logged out.
2025-08-30 11:46:03 -  Loading El Felca...
2025-08-30 11:46:03 -  El Felca has logged in.
2025-08-30 11:46:04 -  Loading Derethor...
2025-08-30 11:46:04 -  Derethor has logged in.
2025-08-30 11:46:04 -  Elfzada has logged out.
2025-08-30 11:46:07 -  Loading Elfzada...
2025-08-30 11:46:07 -  Elfzada has logged in.
2025-08-30 11:46:20 -  Elrond Druid has logged out.
2025-08-30 11:46:23 -  Loading Elrond Druid...
2025-08-30 11:46:23 -  Elrond Druid has logged in.
2025-08-30 11:47:55 -  El Felca has logged out.
2025-08-30 11:48:24 -  Loading Robin Hood...
2025-08-30 11:48:24 -  Robin Hood has logged in.
2025-08-30 11:49:10 -  Benn Beckmann has logged out.
2025-08-30 11:49:10 -  Skylline has logged out.
2025-08-30 11:49:11 -  Loading Benn Beckmann...
2025-08-30 11:49:11 -  Benn Beckmann has logged in.
2025-08-30 11:49:19 -  Not Havenick has logged out.
2025-08-30 11:49:25 -  Loading Not Havenick...
2025-08-30 11:49:25 -  Not Havenick has logged in.
2025-08-30 11:50:09 -  Loading Lula...
2025-08-30 11:50:09 -  Lula has logged in.
2025-08-30 11:50:25 -  Not Havenick has logged out.
2025-08-30 11:50:59 -  Loading El Felca...
2025-08-30 11:51:00 -  El Felca has logged in.
2025-08-30 11:51:00 -  Loading Not Havenick...
2025-08-30 11:51:00 -  Not Havenick has logged in.
2025-08-30 11:51:10 -  Elfzada has logged out.
2025-08-30 11:51:13 -  Loading Elfzada...
2025-08-30 11:51:13 -  Elfzada has logged in.
2025-08-30 11:51:21 -  Derethor has logged out.
2025-08-30 11:51:25 -  Loading Derethor...
2025-08-30 11:51:25 -  Derethor has logged in.
2025-08-30 11:51:29 -  Dumdum has logged out.
2025-08-30 11:51:43 -  Loading Dumdum...
2025-08-30 11:51:43 -  Dumdum has logged in.
2025-08-30 11:51:49 -  Mono Dedo has logged out.
2025-08-30 11:52:10 -  Loading Ozymandias...
2025-08-30 11:52:10 -  Ozymandias has logged in.
2025-08-30 11:52:10 -  Robin Hood has logged out.
2025-08-30 11:52:15 -  El Felca has logged out.
2025-08-30 11:52:36 -  Not Havenick has logged out.
2025-08-30 11:54:30 -  Saving server... 30/08/2025 11:54:30
2025-08-30 11:54:31 -  > Saved house items in: 0.136 s
2025-08-30 11:55:37 -  Reloaded npcs.
2025-08-30 11:55:37 -  Loading Orappa...
2025-08-30 11:55:37 -  Orappa has logged in.
2025-08-30 11:55:52 -  Orappa has logged out.
2025-08-30 11:56:04 -  Loading Not Havenick...
2025-08-30 11:56:04 -  Not Havenick has logged in.
2025-08-30 11:56:10 -  Lula has logged out.
2025-08-30 11:56:10 -  Loading Lula...
2025-08-30 11:56:10 -  Lula has logged in.
2025-08-30 11:57:01 -  China Weed Lover has logged out.
2025-08-30 11:57:02 -  Loading China Weed Lover...
2025-08-30 11:57:02 -  China Weed Lover has logged in.
2025-08-30 11:59:43 -  Loading Robin Hood...
2025-08-30 11:59:43 -  Robin Hood has logged in.
2025-08-30 12:00:48 -  [BOSS SYSTEM] Spawned: Melkors Summon
2025-08-30 12:00:48 -  Lula has logged out.
2025-08-30 12:01:06 -  Loading Orappa...
2025-08-30 12:01:06 -  Orappa has logged in.
2025-08-30 12:01:22 -  Zangief has logged out.
2025-08-30 12:01:23 -  Loading Zangief...
2025-08-30 12:01:23 -  Zangief has logged in.
2025-08-30 12:02:12 -  Loading Gorbatchov...
2025-08-30 12:02:12 -  Gorbatchov has logged in.
2025-08-30 12:02:13 -  Saving server... 30/08/2025 12:02:13
2025-08-30 12:02:14 -  > Saved house items in: 0.127 s
2025-08-30 12:03:21 -  Loading Skylline...
2025-08-30 12:03:21 -  Skylline has logged in.
2025-08-30 12:06:42 -  Loading Lula...
2025-08-30 12:06:42 -  Lula has logged in.
2025-08-30 12:06:48 -  Loading Tolkien...
2025-08-30 12:06:48 -  Tolkien has logged in.
2025-08-30 12:06:53 -  Loading Stormy...
2025-08-30 12:06:53 -  Stormy has logged in.
2025-08-30 12:07:26 -  Orappa has logged out.
2025-08-30 12:07:28 -  Gepeto has logged out.
2025-08-30 12:07:43 -  Thaynan Charlove has logged out.
2025-08-30 12:08:16 -  Loading Thaynan Charlove...
2025-08-30 12:08:16 -  Thaynan Charlove has logged in.
2025-08-30 12:09:42 -  Oppenheimer has logged out.
2025-08-30 12:09:50 -  Ozymandias has logged out.
2025-08-30 12:10:14 -  Loading Oppenheimer...
2025-08-30 12:10:14 -  Oppenheimer has logged in.
2025-08-30 12:10:17 -  Loading Ozymandias...
2025-08-30 12:10:17 -  Ozymandias has logged in.
2025-08-30 12:10:43 -  Lula has logged out.
2025-08-30 12:11:26 -  Loading Lula...
2025-08-30 12:11:26 -  Lula has logged in.
2025-08-30 12:11:37 -  Skylline has logged out.
2025-08-30 12:12:24 -  Loading Skylline...
2025-08-30 12:12:24 -  Skylline has logged in.
2025-08-30 12:13:13 -  Lula has logged out.
2025-08-30 12:13:19 -  Ozymandias has logged out.
2025-08-30 12:13:25 -  Xupaengola has logged out.
2025-08-30 12:13:26 -  Loading Xupaengola...
2025-08-30 12:13:26 -  Xupaengola has logged in.
2025-08-30 12:13:51 -  Not Havenick has logged out.
2025-08-30 12:13:52 -  Loading Ozymandias...
2025-08-30 12:13:52 -  Ozymandias has logged in.
2025-08-30 12:14:11 -  Loading Not Havenick...
2025-08-30 12:14:11 -  Not Havenick has logged in.
2025-08-30 12:14:53 -  Ozymandias has logged out.
2025-08-30 12:15:38 -  Loading Ozymandias...
2025-08-30 12:15:38 -  Ozymandias has logged in.
2025-08-30 12:15:40 -  Loading Lula...
2025-08-30 12:15:40 -  Lula has logged in.
2025-08-30 12:15:59 -  Luana Moranguinho has logged out.
2025-08-30 12:16:41 -  Loading Orappa...
2025-08-30 12:16:41 -  Orappa has logged in.
2025-08-30 12:16:42 -  Skylline has logged out.
2025-08-30 12:16:44 -  Loading Skylline...
2025-08-30 12:16:44 -  Skylline has logged in.
2025-08-30 12:17:34 -  Magnitsky has logged out.
2025-08-30 12:17:34 -  Loading Magnitsky...
2025-08-30 12:17:34 -  Magnitsky has logged in.
2025-08-30 12:17:45 -  Loading Luana Moranguinho...
2025-08-30 12:17:45 -  Luana Moranguinho has logged in.
2025-08-30 12:18:10 -  Skylline has logged out.
2025-08-30 12:18:21 -  Lula has logged out.
2025-08-30 12:18:24 -  Ozymandias has logged out.
2025-08-30 12:18:32 -  Loading Ozymandias...
2025-08-30 12:18:32 -  Ozymandias has logged in.
2025-08-30 12:18:38 -  Loading Lula...
2025-08-30 12:18:38 -  Lula has logged in.
2025-08-30 12:18:41 -  Eho Jhon has logged out.
2025-08-30 12:18:45 -  Loading Eho Jhon...
2025-08-30 12:18:45 -  Eho Jhon has logged in.
2025-08-30 12:18:46 -  Elfzada has logged out.
2025-08-30 12:18:47 -  Derethor has logged out.
2025-08-30 12:18:52 -  Dumdum has logged out.
2025-08-30 12:18:57 -  Loading Dumdum...
2025-08-30 12:18:57 -  Dumdum has logged in.
2025-08-30 12:19:00 -  Loading Elfzada...
2025-08-30 12:19:00 -  Elfzada has logged in.
2025-08-30 12:19:02 -  Loading Derethor...
2025-08-30 12:19:02 -  Derethor has logged in.
2025-08-30 12:19:38 -  Loading Jurasmo...
2025-08-30 12:19:38 -  Jurasmo has logged in.
2025-08-30 12:19:58 -  Dumdum has logged out.
2025-08-30 12:20:05 -  Loading Dumdum...
2025-08-30 12:20:05 -  Dumdum has logged in.
2025-08-30 12:21:11 -  [BOSS SYSTEM] Spawned: Deathstrike
2025-08-30 12:21:11 -  Lula has logged out.
2025-08-30 12:22:29 -  Dark Bebo has logged out.
2025-08-30 12:22:30 -  Loading Lula...
2025-08-30 12:22:30 -  Lula has logged in.
2025-08-30 12:22:31 -  Loading Pinokio...
2025-08-30 12:22:31 -  Pinokio has logged in.
2025-08-30 12:22:38 -  Re Zero Beatrice has logged out.
2025-08-30 12:22:39 -  Loading Re Zero Beatrice...
2025-08-30 12:22:39 -  Re Zero Beatrice has logged in.
2025-08-30 12:23:17 -  Pinokio has logged out.
2025-08-30 12:23:18 -  Loading Dark Bebo...
2025-08-30 12:23:18 -  Dark Bebo has logged in.
2025-08-30 12:25:25 -  Lula has logged out.
2025-08-30 12:25:38 -  Loading Lula...
2025-08-30 12:25:38 -  Lula has logged in.
2025-08-30 12:26:00 -  Lula has logged out.
2025-08-30 12:26:01 -  Loading Lula...
2025-08-30 12:26:01 -  Lula has logged in.
2025-08-30 12:26:12 -  Jurasmo has logged out.
2025-08-30 12:26:14 -  Loading Jurasmo...
2025-08-30 12:26:14 -  Jurasmo has logged in.
2025-08-30 12:26:16 -  Aleska Teodoro has logged out.
2025-08-30 12:26:17 -  Loading Aleska Teodoro...
2025-08-30 12:26:17 -  Aleska Teodoro has logged in.
2025-08-30 12:26:22 -  Zangief has logged out.
2025-08-30 12:26:27 -  Loading Zangief...
2025-08-30 12:26:27 -  Zangief has logged in.
2025-08-30 12:27:18 -  Lula has logged out.
2025-08-30 12:27:21 -  Dumdum has logged out.
2025-08-30 12:27:36 -  Eho Jhon has logged out.
2025-08-30 12:27:36 -  Elfzada has logged out.
2025-08-30 12:27:39 -  Derethor has logged out.
2025-08-30 12:27:40 -  Loading Elfzada...
2025-08-30 12:27:40 -  Elfzada has logged in.
2025-08-30 12:27:42 -  Xupaengola has logged out.
2025-08-30 12:27:43 -  Loading Xupaengola...
2025-08-30 12:27:43 -  Xupaengola has logged in.
2025-08-30 12:27:44 -  Loading Derethor...
2025-08-30 12:27:44 -  Derethor has logged in.
2025-08-30 12:27:48 -  Loading Lula...
2025-08-30 12:27:48 -  Lula has logged in.
2025-08-30 12:27:50 -  Loading Eho Jhon...
2025-08-30 12:27:50 -  Eho Jhon has logged in.
2025-08-30 12:27:51 -  Loading Dumdum...
2025-08-30 12:27:51 -  Dumdum has logged in.
2025-08-30 12:28:48 -  Lula has logged out.
2025-08-30 12:29:17 -  Loading Fuu Houhou...
2025-08-30 12:29:17 -  Fuu Houhou has logged in.
2025-08-30 12:29:54 -  Loading Orion Rockbanner...
2025-08-30 12:29:54 -  Orion Rockbanner has logged in.
2025-08-30 12:30:04 -  Loading Lula...
2025-08-30 12:30:04 -  Lula has logged in.
2025-08-30 12:31:58 -  Lula has logged out.
2025-08-30 12:32:17 -  Loading Lula...
2025-08-30 12:32:17 -  Lula has logged in.
2025-08-30 12:32:23 -  Aleska Teodoro has logged out.
2025-08-30 12:32:24 -  Loading Aleska Teodoro...
2025-08-30 12:32:24 -  Aleska Teodoro has logged in.
2025-08-30 12:32:28 -  Zangief has logged out.
2025-08-30 12:32:29 -  Loading Zangief...
2025-08-30 12:32:29 -  Zangief has logged in.
2025-08-30 12:32:30 -  Gorbatchov has logged out.
2025-08-30 12:32:31 -  Loading Gorbatchov...
2025-08-30 12:32:31 -  Gorbatchov has logged in.
2025-08-30 12:33:18 -  Lula has logged out.
2025-08-30 12:33:27 -  Loading Lula...
2025-08-30 12:33:27 -  Lula has logged in.
2025-08-30 12:34:27 -  Lula has logged out.
2025-08-30 12:34:36 -  Loading Lula...
2025-08-30 12:34:36 -  Lula has logged in.
2025-08-30 12:35:36 -  Lula has logged out.
2025-08-30 12:35:49 -  Aleska Teodoro has logged out.
2025-08-30 12:35:50 -  Loading Aleska Teodoro...
2025-08-30 12:35:50 -  Aleska Teodoro has logged in.
2025-08-30 12:35:54 -  Oppenheimer has logged out.
2025-08-30 12:35:55 -  Loading Oppenheimer...
2025-08-30 12:35:55 -  Oppenheimer has logged in.
2025-08-30 12:36:21 -  Loading Lula...
2025-08-30 12:36:21 -  Lula has logged in.
2025-08-30 12:37:22 -  Lula has logged out.
2025-08-30 12:37:23 -  Loading Lula...
2025-08-30 12:37:23 -  Lula has logged in.
2025-08-30 12:38:02 -  Aleska Teodoro has logged out.
2025-08-30 12:38:04 -  Loading Aleska Teodoro...
2025-08-30 12:38:04 -  Aleska Teodoro has logged in.
2025-08-30 12:38:24 -  Lula has logged out.
2025-08-30 12:38:35 -  Loading Lula...
2025-08-30 12:38:35 -  Lula has logged in.
2025-08-30 12:38:42 -  Jurasmo has logged out.
2025-08-30 12:39:08 -  Loading Jurasmo...
2025-08-30 12:39:08 -  Jurasmo has logged in.
2025-08-30 12:39:25 -  Terceiro has logged out.
2025-08-30 12:39:26 -  Aleska Teodoro has logged out.
2025-08-30 12:39:27 -  Loading Aleska Teodoro...
2025-08-30 12:39:27 -  Aleska Teodoro has logged in.
2025-08-30 12:39:28 -  Alexia Putellas has logged out.
2025-08-30 12:39:29 -  Loading Alexia Putellas...
2025-08-30 12:39:29 -  Alexia Putellas has logged in.
2025-08-30 12:39:30 -  Loading Terceiro...
2025-08-30 12:39:30 -  Terceiro has logged in.
2025-08-30 12:39:35 -  Lula has logged out.
2025-08-30 12:39:38 -  Ozymandias has logged out.
2025-08-30 12:40:00 -  Loading Lula...
2025-08-30 12:40:00 -  Lula has logged in.
2025-08-30 12:40:06 -  Loading Ozymandias...
2025-08-30 12:40:06 -  Ozymandias has logged in.
2025-08-30 12:41:00 -  [BOSS SYSTEM] Spawned: Azazel
2025-08-30 12:41:00 -  Lula has logged out.
2025-08-30 12:41:42 -  Orappa has logged out.
2025-08-30 12:41:42 -  Loading Gepeto...
2025-08-30 12:41:42 -  Gepeto has logged in.
2025-08-30 12:41:50 -  Loading Lula...
2025-08-30 12:41:50 -  Lula has logged in.
2025-08-30 12:41:55 -  Ozymandias has logged out.
2025-08-30 12:42:48 -  Loading Ozymandias...
2025-08-30 12:42:48 -  Ozymandias has logged in.
2025-08-30 12:42:51 -  Lula has logged out.
2025-08-30 12:43:15 -  Loading Lula...
2025-08-30 12:43:15 -  Lula has logged in.
2025-08-30 12:43:21 -  Loading Orappa...
2025-08-30 12:43:21 -  Orappa has logged in.
2025-08-30 12:43:48 -  Ozymandias has logged out.
2025-08-30 12:43:56 -  Loading Ozymandias...
2025-08-30 12:43:56 -  Ozymandias has logged in.
2025-08-30 12:44:05 -  Terceiro has logged out.
2025-08-30 12:44:07 -  Loading Terceiro...
2025-08-30 12:44:07 -  Terceiro has logged in.
2025-08-30 12:44:11 -  Aleska Teodoro has logged out.
2025-08-30 12:44:13 -  Loading Aleska Teodoro...
2025-08-30 12:44:13 -  Aleska Teodoro has logged in.
2025-08-30 12:44:16 -  Lula has logged out.
2025-08-30 12:44:56 -  Ozymandias has logged out.
2025-08-30 12:45:20 -  Aleska Teodoro has logged out.
2025-08-30 12:45:28 -  Dark Bebo has logged out.
2025-08-30 12:45:29 -  Loading Pinokio...
2025-08-30 12:45:29 -  Pinokio has logged in.
2025-08-30 12:45:33 -  Loading Lula...
2025-08-30 12:45:33 -  Lula has logged in.
2025-08-30 12:45:45 -  Zhang Chulan has logged out.
2025-08-30 12:45:53 -  Pinokio has logged out.
2025-08-30 12:45:54 -  Loading Ozymandias...
2025-08-30 12:45:54 -  Ozymandias has logged in.
2025-08-30 12:46:18 -  Loading Skylline...
2025-08-30 12:46:18 -  Skylline has logged in.
2025-08-30 12:46:38 -  Loading Chupacu De Goianinha...
2025-08-30 12:46:38 -  Chupacu De Goianinha has logged in.
2025-08-30 12:46:54 -  Lula has logged out.
2025-08-30 12:47:07 -  Loading Lula...
2025-08-30 12:47:07 -  Lula has logged in.
2025-08-30 12:47:18 -  Ozymandias has logged out.
2025-08-30 12:47:20 -  Loading Aleska Teodoro...
2025-08-30 12:47:20 -  Aleska Teodoro has logged in.
2025-08-30 12:47:46 -  Loading Ozymandias...
2025-08-30 12:47:46 -  Ozymandias has logged in.
2025-08-30 12:48:08 -  Lula has logged out.
2025-08-30 12:48:27 -  Loading Lula...
2025-08-30 12:48:27 -  Lula has logged in.
2025-08-30 12:48:47 -  Ozymandias has logged out.
2025-08-30 12:48:52 -  Loading Ozymandias...
2025-08-30 12:48:52 -  Ozymandias has logged in.
2025-08-30 12:49:27 -  Lula has logged out.
2025-08-30 12:49:29 -  Re Zero Beatrice has logged out.
2025-08-30 12:49:31 -  Loading Re Zero Beatrice...
2025-08-30 12:49:31 -  Re Zero Beatrice has logged in.
2025-08-30 12:49:52 -  Ozymandias has logged out.
2025-08-30 12:50:00 -  Loading Lula...
2025-08-30 12:50:00 -  Lula has logged in.
2025-08-30 12:50:13 -  Loading Dulokz...
2025-08-30 12:50:13 -  Dulokz has logged in.
2025-08-30 12:50:39 -  Loading Zico Dez...
2025-08-30 12:50:39 -  Zico Dez has logged in.
2025-08-30 12:50:41 -  Elrond Druid has logged out.
2025-08-30 12:50:44 -  Loading Zhang Chulan...
2025-08-30 12:50:44 -  Zhang Chulan has logged in.
2025-08-30 12:51:00 -  Lula has logged out.
2025-08-30 12:51:20 -  Loading Ozymandias...
2025-08-30 12:51:20 -  Ozymandias has logged in.
2025-08-30 12:51:21 -  Loading Elrond Druid...
2025-08-30 12:51:21 -  Elrond Druid has logged in.
2025-08-30 12:51:29 -  Loading Lula...
2025-08-30 12:51:29 -  Lula has logged in.
2025-08-30 12:51:36 -  Skull Warrior has logged out.
2025-08-30 12:51:47 -  Loading Skull Warrior...
2025-08-30 12:51:47 -  Skull Warrior has logged in.
2025-08-30 12:52:20 -  Ozymandias has logged out.
2025-08-30 12:52:30 -  Lula has logged out.
2025-08-30 12:52:47 -  Loading Lula...
2025-08-30 12:52:47 -  Lula has logged in.
2025-08-30 12:53:18 -  Loading Ozymandias...
2025-08-30 12:53:18 -  Ozymandias has logged in.
2025-08-30 12:53:19 -  Thaynan Charlove has logged out.
2025-08-30 12:53:21 -  Loading Thaynan Charlove...
2025-08-30 12:53:21 -  Thaynan Charlove has logged in.
2025-08-30 12:53:48 -  Lula has logged out.
2025-08-30 12:54:03 -  Tolkien has logged out.
2025-08-30 12:54:04 -  Loading Lula...
2025-08-30 12:54:04 -  Lula has logged in.
2025-08-30 12:54:06 -  Loading Tolkien...
2025-08-30 12:54:06 -  Tolkien has logged in.
2025-08-30 12:54:13 -  Stormy has logged out.
2025-08-30 12:54:16 -  Loading Stormy...
2025-08-30 12:54:16 -  Stormy has logged in.
2025-08-30 12:54:49 -  Ozymandias has logged out.
2025-08-30 12:55:05 -  Lula has logged out.
2025-08-30 12:55:09 -  Loading Ozymandias...
2025-08-30 12:55:09 -  Ozymandias has logged in.
2025-08-30 12:55:09 -  Gepeto has logged out.
2025-08-30 12:55:11 -  Loading Gepeto...
2025-08-30 12:55:11 -  Gepeto has logged in.
2025-08-30 12:55:17 -  Alexia Putellas has logged out.
2025-08-30 12:55:22 -  Magnitsky has logged out.
2025-08-30 12:55:27 -  Loading Magnitsky...
2025-08-30 12:55:27 -  Magnitsky has logged in.
2025-08-30 12:55:37 -  Loading Lula...
2025-08-30 12:55:37 -  Lula has logged in.
2025-08-30 12:55:43 -  Terceiro has logged out.
2025-08-30 12:55:44 -  Loading Terceiro...
2025-08-30 12:55:44 -  Terceiro has logged in.
2025-08-30 12:55:54 -  Loading Alexia Putellas...
2025-08-30 12:55:54 -  Alexia Putellas has logged in.
2025-08-30 12:56:09 -  Ozymandias has logged out.
2025-08-30 12:56:38 -  Lula has logged out.
2025-08-30 12:57:15 -  Loading Lula...
2025-08-30 12:57:15 -  Lula has logged in.
2025-08-30 12:57:24 -  Pinoquio has logged out.
2025-08-30 12:57:25 -  Skull Warrior has logged out.
2025-08-30 12:57:25 -  Loading Ozymandias...
2025-08-30 12:57:25 -  Ozymandias has logged in.
2025-08-30 12:57:36 -  Loading Tio Bimbo...
2025-08-30 12:57:36 -  Tio Bimbo has logged in.
2025-08-30 12:57:57 -  Loading Pinoquio...
2025-08-30 12:57:57 -  Pinoquio has logged in.
2025-08-30 12:58:15 -  Lula has logged out.
2025-08-30 12:58:25 -  Ozymandias has logged out.
2025-08-30 12:58:36 -  Loading Lula...
2025-08-30 12:58:36 -  Lula has logged in.
2025-08-30 12:58:48 -  Loading Ozymandias...
2025-08-30 12:58:48 -  Ozymandias has logged in.
2025-08-30 12:59:37 -  Lula has logged out.
2025-08-30 12:59:49 -  Ozymandias has logged out.
2025-08-30 13:00:17 -  [BOSS SYSTEM] Spawned: Adramelech
2025-08-30 13:00:17 -  Loading Lula...
2025-08-30 13:00:17 -  Lula has logged in.
2025-08-30 13:00:21 -  Loading Ozymandias...
2025-08-30 13:00:21 -  Ozymandias has logged in.
2025-08-30 13:00:59 -  Orappa has logged out.
2025-08-30 13:01:01 -  Loading Orappa...
2025-08-30 13:01:01 -  Orappa has logged in.
2025-08-30 13:01:18 -  Lula has logged out.
2025-08-30 13:01:22 -  Ozymandias has logged out.
2025-08-30 13:01:26 -  Loading Lula...
2025-08-30 13:01:26 -  Lula has logged in.
2025-08-30 13:01:28 -  Tutubarao has logged out.
2025-08-30 13:01:38 -  Loading Tutubarao...
2025-08-30 13:01:38 -  Tutubarao has logged in.
2025-08-30 13:01:54 -  Loading Ozymandias...
2025-08-30 13:01:54 -  Ozymandias has logged in.
2025-08-30 13:02:13 -  Saving server... 30/08/2025 13:02:13
2025-08-30 13:02:14 -  > Saved house items in: 0.184 s
2025-08-30 13:02:26 -  Gaa Ahz has logged out.
2025-08-30 13:02:30 -  Loading Gaa Ahz...
2025-08-30 13:02:30 -  Gaa Ahz has logged in.
2025-08-30 13:03:25 -  Benn Beckmann has logged out.
2025-08-30 13:03:50 -  Orappa has logged out.
2025-08-30 13:03:52 -  Loading Orappa...
2025-08-30 13:03:52 -  Orappa has logged in.
2025-08-30 13:04:19 -  Chupacu De Goianinha has logged out.
2025-08-30 13:04:49 -  [Network error - Connection::parseHeader] Invalid Client Login
2025-08-30 13:04:52 -  Loading Chupacu De Goianinha...
2025-08-30 13:04:52 -  Chupacu De Goianinha has logged in.
2025-08-30 13:05:47 -  [Network error - Connection::parseHeader] Invalid Client Login
2025-08-30 13:07:32 -  Loading Orc Lokao...
2025-08-30 13:07:32 -  Orc Lokao has logged in.
2025-08-30 13:08:23 -  Orappa has logged out.
2025-08-30 13:08:24 -  Loading Orappa...
2025-08-30 13:08:24 -  Orappa has logged in.
2025-08-30 13:08:41 -  Loading Aokiji...
2025-08-30 13:08:41 -  Aokiji has logged in.
2025-08-30 13:08:54 -  Luana Moranguinho has logged out.
2025-08-30 13:09:41 -  Aokiji has logged out.
2025-08-30 13:09:55 -  Loading Orc The Criar...
2025-08-30 13:09:55 -  Orc The Criar has logged in.
2025-08-30 13:10:10 -  Tolkien has logged out.
2025-08-30 13:10:12 -  Loading Tolkien...
2025-08-30 13:10:12 -  Tolkien has logged in.
2025-08-30 13:10:20 -  Stormy has logged out.
2025-08-30 13:10:22 -  Loading Stormy...
2025-08-30 13:10:22 -  Stormy has logged in.
2025-08-30 13:10:55 -  Orc The Criar has logged out.
2025-08-30 13:12:27 -  Gaa Ahz has logged out.
2025-08-30 13:13:00 -  Loading Gaa Ahz...
2025-08-30 13:13:00 -  Gaa Ahz has logged in.
2025-08-30 13:13:13 -  China Weed Lover has logged out.
2025-08-30 13:13:45 -  Loading China Weed Lover...
2025-08-30 13:13:45 -  China Weed Lover has logged in.
2025-08-30 13:14:08 -  Orc Lokao has logged out.
2025-08-30 13:14:08 -  Loading Orc Lokao...
2025-08-30 13:14:08 -  Orc Lokao has logged in.
2025-08-30 13:14:08 -  Orc Lokao has logged out.
2025-08-30 13:14:09 -  Loading Orc Lokao...
2025-08-30 13:14:09 -  Orc Lokao has logged in.
2025-08-30 13:14:10 -  Orc Lokao has logged out.
2025-08-30 13:14:30 -  Finado Guerme has logged out.
2025-08-30 13:14:32 -  Loading Orc Lokao...
2025-08-30 13:14:32 -  Orc Lokao has logged in.
2025-08-30 13:14:34 -  Loading Finado Guerme...
2025-08-30 13:14:34 -  Finado Guerme has logged in.
2025-08-30 13:15:07 -  Skylline has logged out.
2025-08-30 13:15:08 -  Loading Skylline...
2025-08-30 13:15:08 -  Skylline has logged in.
2025-08-30 13:15:20 -  Elrond Druid has logged out.
2025-08-30 13:15:33 -  Loading Aokiji...
2025-08-30 13:15:33 -  Aokiji has logged in.
2025-08-30 13:15:35 -  Gorbatchov has logged out.
2025-08-30 13:15:53 -  Loading Elrond Druid...
2025-08-30 13:15:53 -  Elrond Druid has logged in.
2025-08-30 13:16:29 -  Loading Gorbatchov...
2025-08-30 13:16:29 -  Gorbatchov has logged in.
2025-08-30 13:17:01 -  Tio Bimbo has logged out.
2025-08-30 13:17:03 -  Loading Tio Bimbo...
2025-08-30 13:17:03 -  Tio Bimbo has logged in.
2025-08-30 13:18:12 -  Skylline has logged out.
2025-08-30 13:18:21 -  Loading Skylline...
2025-08-30 13:18:21 -  Skylline has logged in.
2025-08-30 13:19:20 -  Loss N Blaze has logged out.
2025-08-30 13:19:52 -  Ozymandias has logged out.
2025-08-30 13:19:54 -  Loading Ozymandias...
2025-08-30 13:19:54 -  Ozymandias has logged in.
2025-08-30 13:21:18 -  [BOSS SYSTEM] Spawned: Smaug
2025-08-30 13:21:18 -  Loading Elf Do Sann...
2025-08-30 13:21:18 -  Elf Do Sann has logged in.
2025-08-30 13:23:04 -  Loading Motumbo...
2025-08-30 13:23:04 -  Motumbo has logged in.
2025-08-30 13:24:02 -  Ozymandias has logged out.
2025-08-30 13:24:04 -  Loading Ozymandias...
2025-08-30 13:24:04 -  Ozymandias has logged in.
2025-08-30 13:24:24 -  Elf Do Sann has logged out.
2025-08-30 13:25:02 -  Loading Criador De Jutsu...
2025-08-30 13:25:02 -  Criador De Jutsu has logged in.
2025-08-30 13:25:44 -  Zangief has logged out.
2025-08-30 13:25:44 -  Loading Zangief...
2025-08-30 13:25:44 -  Zangief has logged in.
2025-08-30 13:25:56 -  Loading Elf Do Sann...
2025-08-30 13:25:56 -  Elf Do Sann has logged in.
2025-08-30 13:28:33 -  Ozymandias has logged out.
2025-08-30 13:28:34 -  Loading Ozymandias...
2025-08-30 13:28:34 -  Ozymandias has logged in.
2025-08-30 13:28:39 -  Ozymandias has logged out.
2025-08-30 13:28:40 -  Loading Ozymandias...
2025-08-30 13:28:40 -  Ozymandias has logged in.
2025-08-30 13:29:14 -  Morte has logged out.
2025-08-30 13:32:14 -  Sujiro Kimechup has logged out.
2025-08-30 13:32:20 -  Loading Sujiro Kimechup...
2025-08-30 13:32:20 -  Sujiro Kimechup has logged in.
2025-08-30 13:33:15 -  Reiyu Shita has logged out.
2025-08-30 13:33:16 -  Orion Rockbanner has logged out.
2025-08-30 13:33:47 -  Loading Reiyu Shita...
2025-08-30 13:33:47 -  Reiyu Shita has logged in.
2025-08-30 13:35:01 -  Finado Guerme has logged out.
2025-08-30 13:35:18 -  Loading Finado Guerme...
2025-08-30 13:35:18 -  Finado Guerme has logged in.
2025-08-30 13:35:39 -  Loading El Felca...
2025-08-30 13:35:39 -  El Felca has logged in.
2025-08-30 13:36:45 -  El Felca has logged out.
2025-08-30 13:38:53 -  Re Zero Beatrice has logged out.
2025-08-30 13:39:07 -  Loading Re Zero Beatrice...
2025-08-30 13:39:07 -  Re Zero Beatrice has logged in.
2025-08-30 13:39:41 -  Orc Lokao has logged out.
2025-08-30 13:39:42 -  Loading Orc Lokao...
2025-08-30 13:39:42 -  Orc Lokao has logged in.
2025-08-30 13:39:55 -  Elf Do Sann has logged out.
2025-08-30 13:39:57 -  Loading Elf Do Sann...
2025-08-30 13:39:57 -  Elf Do Sann has logged in.
2025-08-30 13:40:21 -  [BOSS SYSTEM] Spawned: The Necromancer
2025-08-30 13:40:21 -  Sujiro Kimechup has logged out.
2025-08-30 13:40:23 -  Loading Sujiro Kimechup...
2025-08-30 13:40:23 -  Sujiro Kimechup has logged in.
2025-08-30 13:41:13 -  Zangief has logged out.
2025-08-30 13:41:43 -  Loading Legollas...
2025-08-30 13:41:43 -  Legollas has logged in.
2025-08-30 13:41:45 -  Loading Zangief...
2025-08-30 13:41:45 -  Zangief has logged in.
2025-08-30 13:42:23 -  Ozymandias has logged out.
2025-08-30 13:42:40 -  Lula has logged out.
2025-08-30 13:42:51 -  Loading Lula...
2025-08-30 13:42:51 -  Lula has logged in.
2025-08-30 13:43:04 -  Loading Ozymandias...
2025-08-30 13:43:04 -  Ozymandias has logged in.
2025-08-30 13:44:04 -  Ozymandias has logged out.
2025-08-30 13:44:21 -  Loading Ozymandias...
2025-08-30 13:44:21 -  Ozymandias has logged in.
2025-08-30 13:44:55 -  Lula has logged out.
2025-08-30 13:45:21 -  Ozymandias has logged out.
2025-08-30 13:45:40 -  Loading Lula...
2025-08-30 13:45:40 -  Lula has logged in.
2025-08-30 13:45:41 -  Gorbatchov has logged out.
2025-08-30 13:45:44 -  Loading Ozymandias...
2025-08-30 13:45:44 -  Ozymandias has logged in.
2025-08-30 13:45:45 -  Loading Gorbatchov...
2025-08-30 13:45:45 -  Gorbatchov has logged in.
2025-08-30 13:45:46 -  Criador De Jutsu has logged out.
2025-08-30 13:45:47 -  Loading Criador De Jutsu...
2025-08-30 13:45:47 -  Criador De Jutsu has logged in.
2025-08-30 13:46:40 -  Lula has logged out.
2025-08-30 13:46:46 -  Loading Lula...
2025-08-30 13:46:46 -  Lula has logged in.
2025-08-30 13:47:52 -  Ozymandias has logged out.
2025-08-30 13:48:02 -  Loading Ozymandias...
2025-08-30 13:48:02 -  Ozymandias has logged in.
2025-08-30 13:48:13 -  Lula has logged out.
2025-08-30 13:48:20 -  Loading Lula...
2025-08-30 13:48:20 -  Lula has logged in.
2025-08-30 13:49:02 -  Loading Luana Moranguinho...
2025-08-30 13:49:02 -  Luana Moranguinho has logged in.
2025-08-30 13:49:02 -  Ozymandias has logged out.
2025-08-30 13:49:08 -  Loading Ozymandias...
2025-08-30 13:49:08 -  Ozymandias has logged in.
2025-08-30 13:49:21 -  Lula has logged out.
2025-08-30 13:49:34 -  Loading Lula...
2025-08-30 13:49:34 -  Lula has logged in.
2025-08-30 13:49:58 -  Criador De Jutsu has logged out.
2025-08-30 13:50:03 -  Loading Criador De Jutsu...
2025-08-30 13:50:03 -  Criador De Jutsu has logged in.
2025-08-30 13:50:08 -  Ozymandias has logged out.
2025-08-30 13:51:06 -  Lula has logged out.
2025-08-30 13:51:07 -  Loading Ozymandias...
2025-08-30 13:51:07 -  Ozymandias has logged in.
2025-08-30 13:51:14 -  Orc Lokao has logged out.
2025-08-30 13:51:15 -  Sujiro Kimechup has logged out.
2025-08-30 13:51:17 -  Chupacu De Goianinha has logged out.
2025-08-30 13:51:18 -  Loading Sujiro Kimechup...
2025-08-30 13:51:18 -  Sujiro Kimechup has logged in.
2025-08-30 13:51:36 -  Loading Chupacu De Goianinha...
2025-08-30 13:51:36 -  Chupacu De Goianinha has logged in.
2025-08-30 13:51:40 -  Loading Lula...
2025-08-30 13:51:40 -  Lula has logged in.
2025-08-30 13:52:08 -  Ozymandias has logged out.
2025-08-30 13:52:15 -  Elf Do Sann has logged out.
2025-08-30 13:52:18 -  Loading Ozymandias...
2025-08-30 13:52:18 -  Ozymandias has logged in.
2025-08-30 13:52:30 -  Loading Orc Lokao...
2025-08-30 13:52:30 -  Orc Lokao has logged in.
2025-08-30 13:52:40 -  Lula has logged out.
2025-08-30 13:52:46 -  Zhang Chulan has logged out.
2025-08-30 13:52:58 -  Loading Lula...
2025-08-30 13:52:58 -  Lula has logged in.
2025-08-30 13:53:16 -  Gepeto has logged out.
2025-08-30 13:53:18 -  Ozymandias has logged out.
2025-08-30 13:53:25 -  Thaynan Charlove has logged out.
2025-08-30 13:53:49 -  Loading Gepeto...
2025-08-30 13:53:49 -  Gepeto has logged in.
2025-08-30 13:53:57 -  Loading Ozymandias...
2025-08-30 13:53:57 -  Ozymandias has logged in.
2025-08-30 13:53:58 -  Loading Thaynan Charlove...
2025-08-30 13:53:58 -  Thaynan Charlove has logged in.
2025-08-30 13:53:58 -  Lula has logged out.
2025-08-30 13:54:14 -  Loading Lula...
2025-08-30 13:54:14 -  Lula has logged in.
2025-08-30 13:54:36 -  Magnitsky has logged out.
2025-08-30 13:54:39 -  Loading Magnitsky...
2025-08-30 13:54:39 -  Magnitsky has logged in.
2025-08-30 13:54:58 -  Ozymandias has logged out.
2025-08-30 13:55:16 -  Loading Ozymandias...
2025-08-30 13:55:16 -  Ozymandias has logged in.
2025-08-30 13:55:35 -  Lula has logged out.
2025-08-30 13:56:17 -  Ozymandias has logged out.
2025-08-30 13:56:28 -  Loading Ozymandias...
2025-08-30 13:56:28 -  Ozymandias has logged in.
2025-08-30 13:56:30 -  Ozymandias has logged out.
2025-08-30 13:56:34 -  Loading Ozymandias...
2025-08-30 13:56:34 -  Ozymandias has logged in.
2025-08-30 13:56:35 -  Loading Lula...
2025-08-30 13:56:35 -  Lula has logged in.
2025-08-30 13:57:35 -  Ozymandias has logged out.
2025-08-30 13:57:47 -  Loading Ozymandias...
2025-08-30 13:57:47 -  Ozymandias has logged in.
2025-08-30 13:58:24 -  Lula has logged out.
2025-08-30 13:58:47 -  Ozymandias has logged out.
2025-08-30 13:59:09 -  Loading Ozymandias...
2025-08-30 13:59:09 -  Ozymandias has logged in.
2025-08-30 13:59:14 -  Loading Lula...
2025-08-30 13:59:14 -  Lula has logged in.
2025-08-30 14:00:09 -  Ozymandias has logged out.
2025-08-30 14:00:14 -  [BOSS SYSTEM] Spawned: Laracna
2025-08-30 14:00:14 -  Lula has logged out.
2025-08-30 14:00:17 -  Loading Ozymandias...
2025-08-30 14:00:17 -  Ozymandias has logged in.
2025-08-30 14:01:17 -  Ozymandias has logged out.
2025-08-30 14:01:27 -  Loading Lula...
2025-08-30 14:01:27 -  Lula has logged in.
2025-08-30 14:01:38 -  China Weed Lover has logged out.
2025-08-30 14:01:39 -  Loading China Weed Lover...
2025-08-30 14:01:39 -  China Weed Lover has logged in.
2025-08-30 14:01:59 -  Loading Ozymandias...
2025-08-30 14:01:59 -  Ozymandias has logged in.
2025-08-30 14:02:13 -  Saving server... 30/08/2025 14:02:13
2025-08-30 14:02:14 -  > Saved house items in: 0.127 s
2025-08-30 14:02:27 -  Lula has logged out.
2025-08-30 14:02:59 -  Ozymandias has logged out.
2025-08-30 14:03:08 -  Loading Lula...
2025-08-30 14:03:08 -  Lula has logged in.
2025-08-30 14:03:42 -  Loading Ozymandias...
2025-08-30 14:03:42 -  Ozymandias has logged in.
2025-08-30 14:04:19 -  Zangief has logged out.
2025-08-30 14:04:19 -  Loading Zangief...
2025-08-30 14:04:19 -  Zangief has logged in.
2025-08-30 14:04:30 -  Gorbatchov has logged out.
2025-08-30 14:04:31 -  Loading Gorbatchov...
2025-08-30 14:04:31 -  Gorbatchov has logged in.
2025-08-30 14:04:57 -  Lula has logged out.
2025-08-30 14:05:51 -  Loading Lula...
2025-08-30 14:05:51 -  Lula has logged in.
2025-08-30 14:06:01 -  Ozymandias has logged out.
2025-08-30 14:06:20 -  Saving server... 30/08/2025 14:06:20
2025-08-30 14:06:21 -  > Saved house items in: 0.12 s
2025-08-30 14:06:22 -  Saving server... 30/08/2025 14:06:22
2025-08-30 14:06:23 -  > Saved house items in: 0.114 s
2025-08-30 14:06:34 -  Reloaded actions.
2025-08-30 14:06:34 -  Loading Ozymandias...
2025-08-30 14:06:34 -  Ozymandias has logged in.
2025-08-30 14:06:52 -  Lula has logged out.
2025-08-30 14:07:14 -  Loading Lula...
2025-08-30 14:07:14 -  Lula has logged in.
2025-08-30 14:08:49 -  Tu Culo Es Mio has logged out.
2025-08-30 14:08:51 -  Loading Tu Culo Es Mio...
2025-08-30 14:08:51 -  Tu Culo Es Mio has logged in.
2025-08-30 14:09:45 -  Tumzao has logged out.
2025-08-30 14:09:48 -  Tutubarao has logged out.
2025-08-30 14:10:14 -  [CM] Middle Earth has logged out.
2025-08-30 14:10:17 -  Loading Tumzao...
2025-08-30 14:10:17 -  Tumzao has logged in.
2025-08-30 14:10:20 -  Loading Tutubarao...
2025-08-30 14:10:20 -  Tutubarao has logged in.
2025-08-30 14:11:32 -  Tu Culo Es Mio has logged out.
2025-08-30 14:11:35 -  Loading Tu Culo Es Mio...
2025-08-30 14:11:35 -  Tu Culo Es Mio has logged in.
2025-08-30 14:11:35 -  Orappa has logged out.
2025-08-30 14:11:42 -  Loading Orappa...
2025-08-30 14:11:42 -  Orappa has logged in.
2025-08-30 14:11:44 -  Criador De Jutsu has logged out.
2025-08-30 14:11:50 -  Loading Criador De Jutsu...
2025-08-30 14:11:50 -  Criador De Jutsu has logged in.
2025-08-30 14:12:52 -  Ozymandias has logged out.
2025-08-30 14:13:24 -  Loading Ozymandias...
2025-08-30 14:13:24 -  Ozymandias has logged in.
2025-08-30 14:13:30 -  Loading [CM] Middle Earth...
2025-08-30 14:13:30 -  [CM] Middle Earth has logged in.
2025-08-30 14:13:32 -  Lula has logged out.
2025-08-30 14:13:37 -  Loading Lula...
2025-08-30 14:13:37 -  Lula has logged in.
2025-08-30 14:17:02 -  Ozymandias has logged out.
2025-08-30 14:17:27 -  Loading Ozymandias...
2025-08-30 14:17:27 -  Ozymandias has logged in.
2025-08-30 14:18:27 -  Ozymandias has logged out.
2025-08-30 14:18:28 -  Lula has logged out.
2025-08-30 14:18:33 -  Loading Ozymandias...
2025-08-30 14:18:33 -  Ozymandias has logged in.
2025-08-30 14:18:42 -  Loading Lula...
2025-08-30 14:18:42 -  Lula has logged in.
2025-08-30 14:19:34 -  Ozymandias has logged out.
2025-08-30 14:19:43 -  Lula has logged out.
2025-08-30 14:19:49 -  Loading Lula...
2025-08-30 14:19:49 -  Lula has logged in.
2025-08-30 14:20:02 -  Loading Ozymandias...
2025-08-30 14:20:02 -  Ozymandias has logged in.
2025-08-30 14:20:40 -  [BOSS SYSTEM] Spawned: Khel Thuzad
2025-08-30 14:20:40 -  Luana Moranguinho has logged out.
2025-08-30 14:20:41 -  Loading Luana Moranguinho...
2025-08-30 14:20:41 -  Luana Moranguinho has logged in.
2025-08-30 14:20:45 -  Loading Verde Orc...
2025-08-30 14:20:45 -  Verde Orc has logged in.
2025-08-30 14:20:50 -  Lula has logged out.
2025-08-30 14:20:54 -  Loading Lula...
2025-08-30 14:20:54 -  Lula has logged in.
2025-08-30 14:21:16 -  Gorbatchov has logged out.
2025-08-30 14:21:24 -  Ozymandias has logged out.
2025-08-30 14:21:55 -  Lula has logged out.
2025-08-30 14:21:57 -  Loading Ozymandias...
2025-08-30 14:21:57 -  Ozymandias has logged in.
2025-08-30 14:22:48 -  Loading Lula...
2025-08-30 14:22:48 -  Lula has logged in.
2025-08-30 14:23:55 -  Lula has logged out.
2025-08-30 14:23:57 -  Ozymandias has logged out.
2025-08-30 14:23:59 -  Loading Lula...
2025-08-30 14:23:59 -  Lula has logged in.
2025-08-30 14:24:49 -  Orc Lokao has logged out.
2025-08-30 14:24:51 -  Loading Orc Lokao...
2025-08-30 14:24:51 -  Orc Lokao has logged in.
2025-08-30 14:24:52 -  Loading Ozymandias...
2025-08-30 14:24:52 -  Ozymandias has logged in.
2025-08-30 14:24:59 -  Lula has logged out.
2025-08-30 14:25:08 -  Loading Lula...
2025-08-30 14:25:08 -  Lula has logged in.
2025-08-30 14:25:35 -  191.242.223.13 disconnected for exceeding packet per second limit.
2025-08-30 14:25:44 -  Dulokz has logged out.
2025-08-30 14:25:52 -  Ozymandias has logged out.
2025-08-30 14:26:07 -  Loading Ozymandias...
2025-08-30 14:26:07 -  Ozymandias has logged in.
2025-08-30 14:26:08 -  Lula has logged out.
2025-08-30 14:26:17 -  Loading Dulokz...
2025-08-30 14:26:17 -  Dulokz has logged in.
2025-08-30 14:26:22 -  Loading Lula...
2025-08-30 14:26:22 -  Lula has logged in.
2025-08-30 14:27:08 -  Ozymandias has logged out.
2025-08-30 14:27:22 -  Lula has logged out.
2025-08-30 14:27:30 -  Loading Lula...
2025-08-30 14:27:30 -  Lula has logged in.
2025-08-30 14:27:38 -  Elfzada has logged out.
2025-08-30 14:28:06 -  Thaynan Charlove has logged out.
2025-08-30 14:28:13 -  Loading Elfzada...
2025-08-30 14:28:13 -  Elfzada has logged in.
2025-08-30 14:28:30 -  Loading Thaynan Charlove...
2025-08-30 14:28:30 -  Thaynan Charlove has logged in.
2025-08-30 14:28:31 -  Lula has logged out.
2025-08-30 14:28:38 -  Loading Lula...
2025-08-30 14:28:38 -  Lula has logged in.
2025-08-30 14:29:12 -  Robin Hood has logged out.
2025-08-30 14:29:15 -  Loading Robin Hood...
2025-08-30 14:29:15 -  Robin Hood has logged in.
2025-08-30 14:29:39 -  Lula has logged out.
2025-08-30 14:29:44 -  Loading Lula...
2025-08-30 14:29:44 -  Lula has logged in.
2025-08-30 14:29:46 -  Loading Ozymandias...
2025-08-30 14:29:46 -  Ozymandias has logged in.
2025-08-30 14:30:10 -  Verde Orc has logged out.
2025-08-30 14:30:47 -  Ozymandias has logged out.
2025-08-30 14:30:55 -  Lula has logged out.
2025-08-30 14:31:25 -  Loading Ozymandias...
2025-08-30 14:31:25 -  Ozymandias has logged in.
2025-08-30 14:31:30 -  Loading Lula...
2025-08-30 14:31:30 -  Lula has logged in.
2025-08-30 14:31:53 -  Loading Zhang Chulan...
2025-08-30 14:31:53 -  Zhang Chulan has logged in.
2025-08-30 14:32:25 -  Ozymandias has logged out.
2025-08-30 14:32:31 -  Lula has logged out.
2025-08-30 14:32:41 -  Loading Lula...
2025-08-30 14:32:41 -  Lula has logged in.
2025-08-30 14:33:11 -  Loading Ozymandias...
2025-08-30 14:33:11 -  Ozymandias has logged in.
2025-08-30 14:33:41 -  Lula has logged out.
2025-08-30 14:33:43 -  Terceiro has logged out.
2025-08-30 14:33:45 -  Loading Terceiro...
2025-08-30 14:33:45 -  Terceiro has logged in.
2025-08-30 14:33:51 -  Loading Lula...
2025-08-30 14:33:51 -  Lula has logged in.
2025-08-30 14:34:11 -  Ozymandias has logged out.
2025-08-30 14:34:22 -  Loading Ozymandias...
2025-08-30 14:34:22 -  Ozymandias has logged in.
2025-08-30 14:34:52 -  Lula has logged out.
2025-08-30 14:35:00 -  Loading Lula...
2025-08-30 14:35:00 -  Lula has logged in.
2025-08-30 14:35:23 -  Ozymandias has logged out.
2025-08-30 14:35:39 -  Re Zero Beatrice has logged out.
2025-08-30 14:35:53 -  Loading Ozymandias...
2025-08-30 14:35:53 -  Ozymandias has logged in.
2025-08-30 14:36:01 -  Lula has logged out.
2025-08-30 14:36:11 -  Loading Re Zero Beatrice...
2025-08-30 14:36:11 -  Re Zero Beatrice has logged in.
2025-08-30 14:36:12 -  Thaynan Charlove has logged out.
2025-08-30 14:36:17 -  Loading Lula...
2025-08-30 14:36:17 -  Lula has logged in.
2025-08-30 14:36:42 -  Ozymandias has logged out.
2025-08-30 14:36:47 -  Loading Ozymandias...
2025-08-30 14:36:47 -  Ozymandias has logged in.
2025-08-30 14:37:17 -  Lula has logged out.
2025-08-30 14:37:34 -  Loading Lula...
2025-08-30 14:37:34 -  Lula has logged in.
2025-08-30 14:37:47 -  Ozymandias has logged out.
2025-08-30 14:38:22 -  Loading Ozymandias...
2025-08-30 14:38:22 -  Ozymandias has logged in.
2025-08-30 14:38:34 -  Loading Bad Boy...
2025-08-30 14:38:34 -  Bad Boy has logged in.
2025-08-30 14:38:34 -  Lula has logged out.
2025-08-30 14:38:45 -  Loading Lula...
2025-08-30 14:38:45 -  Lula has logged in.
2025-08-30 14:39:22 -  Ozymandias has logged out.
2025-08-30 14:39:46 -  Lula has logged out.
2025-08-30 14:39:59 -  Loading Ozymandias...
2025-08-30 14:39:59 -  Ozymandias has logged in.
2025-08-30 14:40:18 -  [BOSS SYSTEM] Spawned: Azaka
2025-08-30 14:40:18 -  Loading Lula...
2025-08-30 14:40:18 -  Lula has logged in.
2025-08-30 14:40:53 -  Alexia Putellas has logged out.
2025-08-30 14:41:00 -  Ozymandias has logged out.
2025-08-30 14:41:19 -  Loading Ozymandias...
2025-08-30 14:41:19 -  Ozymandias has logged in.
2025-08-30 14:42:28 -  Finado Guerme has logged out.
2025-08-30 14:43:02 -  Loading Finado Guerme...
2025-08-30 14:43:02 -  Finado Guerme has logged in.
2025-08-30 14:43:20 -  Legollas has logged out.
2025-08-30 14:43:23 -  Loading Legollas...
2025-08-30 14:43:23 -  Legollas has logged in.
2025-08-30 14:44:14 -  Holly Bolter has logged out.
2025-08-30 14:44:17 -  Eho Jhon has logged out.
2025-08-30 14:44:19 -  Loading Holly Bolter...
2025-08-30 14:44:19 -  Holly Bolter has logged in.
2025-08-30 14:44:21 -  Loading Joviix...
2025-08-30 14:44:21 -  Joviix has logged in.
2025-08-30 14:44:22 -  Derethor has logged out.
2025-08-30 14:44:27 -  Loading Derethor...
2025-08-30 14:44:27 -  Derethor has logged in.
2025-08-30 14:44:30 -  Loading Eho Jhon...
2025-08-30 14:44:30 -  Eho Jhon has logged in.
2025-08-30 14:45:26 -  Ozymandias has logged out.
2025-08-30 14:45:29 -  Gaa Ahz has logged out.
2025-08-30 14:45:31 -  Lula has logged out.
2025-08-30 14:45:32 -  Loading Gaa Ahz...
2025-08-30 14:45:32 -  Gaa Ahz has logged in.
2025-08-30 14:46:01 -  Loading Lula...
2025-08-30 14:46:01 -  Lula has logged in.
2025-08-30 14:46:05 -  Loading Ozymandias...
2025-08-30 14:46:05 -  Ozymandias has logged in.
2025-08-30 14:49:00 -  Loading Elf Do Sann...
2025-08-30 14:49:00 -  Elf Do Sann has logged in.
2025-08-30 14:49:23 -  Lula has logged out.
2025-08-30 14:49:23 -  Ozymandias has logged out.
2025-08-30 14:50:19 -  Loading Ozymandias...
2025-08-30 14:50:19 -  Ozymandias has logged in.
2025-08-30 14:50:33 -  Loading Lula...
2025-08-30 14:50:33 -  Lula has logged in.
2025-08-30 14:50:42 -  Joviix has logged out.
2025-08-30 14:50:43 -  Loading Joviix...
2025-08-30 14:50:43 -  Joviix has logged in.
2025-08-30 14:50:53 -  Oppenheimer has logged out.
2025-08-30 14:51:04 -  Loading Nareba Maconha...
2025-08-30 14:51:04 -  Nareba Maconha has logged in.
2025-08-30 14:51:19 -  Ozymandias has logged out.
2025-08-30 14:51:34 -  Loading Ozymandias...
2025-08-30 14:51:34 -  Ozymandias has logged in.
2025-08-30 14:51:34 -  Lula has logged out.
2025-08-30 14:51:35 -  Severino Elza has logged out.
2025-08-30 14:51:38 -  Loading Oppenheimer...
2025-08-30 14:51:38 -  Oppenheimer has logged in.
2025-08-30 14:52:07 -  Loading Lula...
2025-08-30 14:52:07 -  Lula has logged in.
2025-08-30 14:52:23 -  Loading Benn Beckmann...
2025-08-30 14:52:23 -  Benn Beckmann has logged in.
2025-08-30 14:52:34 -  Ozymandias has logged out.
2025-08-30 14:52:38 -  Loading Ozymandias...
2025-08-30 14:52:38 -  Ozymandias has logged in.
2025-08-30 14:53:08 -  Elrond Druid has logged out.
2025-08-30 14:53:40 -  Loading Elrond Druid...
2025-08-30 14:53:40 -  Elrond Druid has logged in.
2025-08-30 14:53:57 -  Loading Alexia Putellas...
2025-08-30 14:53:57 -  Alexia Putellas has logged in.
2025-08-30 14:54:29 -  Ozymandias has logged out.
2025-08-30 14:54:29 -  Zico Dez has logged out.
2025-08-30 14:54:39 -  Loading Ozymandias...
2025-08-30 14:54:39 -  Ozymandias has logged in.
2025-08-30 14:55:02 -  Loading Zico Dez...
2025-08-30 14:55:02 -  Zico Dez has logged in.
2025-08-30 14:55:34 -  Lula has logged out.
2025-08-30 14:55:40 -  Ozymandias has logged out.
2025-08-30 14:55:49 -  Loading Lula...
2025-08-30 14:55:49 -  Lula has logged in.
2025-08-30 14:55:53 -  Loading Ozymandias...
2025-08-30 14:55:53 -  Ozymandias has logged in.
2025-08-30 14:57:00 -  Ozymandias has logged out.
2025-08-30 14:57:49 -  Lula has logged out.
2025-08-30 14:57:58 -  Loading Lula...
2025-08-30 14:57:58 -  Lula has logged in.
2025-08-30 14:58:04 -  Oppenheimer has logged out.
2025-08-30 14:58:06 -  Loading Ozymandias...
2025-08-30 14:58:06 -  Ozymandias has logged in.
2025-08-30 14:58:38 -  Finado Guerme has logged out.
2025-08-30 14:58:42 -  Holly Bolter has logged out.
2025-08-30 14:58:46 -  Loading Holly Bolter...
2025-08-30 14:58:46 -  Holly Bolter has logged in.
2025-08-30 14:58:57 -  Loading Finado Guerme...
2025-08-30 14:58:57 -  Finado Guerme has logged in.
2025-08-30 14:59:07 -  Ozymandias has logged out.
2025-08-30 14:59:13 -  Loading Ozymandias...
2025-08-30 14:59:13 -  Ozymandias has logged in.
2025-08-30 14:59:30 -  Bad Boy has logged out.
2025-08-30 14:59:43 -  Legollas has logged out.
2025-08-30 14:59:46 -  Loading Legollas...
2025-08-30 14:59:46 -  Legollas has logged in.
2025-08-30 14:59:47 -  Lula has logged out.
2025-08-30 14:59:48 -  Loading Lula...
2025-08-30 14:59:48 -  Lula has logged in.
2025-08-30 14:59:52 -  Nareba Maconha has logged out.
2025-08-30 14:59:54 -  Loading Nareba Maconha...
2025-08-30 14:59:54 -  Nareba Maconha has logged in.
2025-08-30 15:00:14 -  [BOSS SYSTEM] Spawned: Eddie
2025-08-30 15:00:14 -  Ozymandias has logged out.
2025-08-30 15:00:20 -  Luana Moranguinho has logged out.
2025-08-30 15:00:22 -  Loading Ozymandias...
2025-08-30 15:00:22 -  Ozymandias has logged in.
2025-08-30 15:00:26 -  Derethor has logged out.
2025-08-30 15:00:33 -  Elf Do Sann has logged out.
2025-08-30 15:00:35 -  Loading Elf Do Sann...
2025-08-30 15:00:35 -  Elf Do Sann has logged in.
2025-08-30 15:00:43 -  Elf Do Sann has logged out.
2025-08-30 15:00:49 -  Lula has logged out.
2025-08-30 15:01:00 -  Loading Derethor...
2025-08-30 15:01:00 -  Derethor has logged in.
2025-08-30 15:01:07 -  Loading Lula...
2025-08-30 15:01:07 -  Lula has logged in.
2025-08-30 15:01:23 -  Ozymandias has logged out.
2025-08-30 15:01:37 -  Loading Ozymandias...
2025-08-30 15:01:37 -  Ozymandias has logged in.
2025-08-30 15:01:58 -  Loading Elf Do Sann...
2025-08-30 15:01:58 -  Elf Do Sann has logged in.
2025-08-30 15:02:07 -  Lula has logged out.
2025-08-30 15:02:13 -  Saving server... 30/08/2025 15:02:13
2025-08-30 15:02:14 -  > Saved house items in: 0.122 s
2025-08-30 15:02:36 -  Loading Lula...
2025-08-30 15:02:36 -  Lula has logged in.
2025-08-30 15:02:37 -  Ozymandias has logged out.
2025-08-30 15:02:51 -  Loading Luana Moranguinho...
2025-08-30 15:02:51 -  Luana Moranguinho has logged in.
2025-08-30 15:03:00 -  Loading Ozymandias...
2025-08-30 15:03:00 -  Ozymandias has logged in.
2025-08-30 15:03:01 -  Archmage has logged out.
2025-08-30 15:03:26 -  Loading Skull Warrior...
2025-08-30 15:03:26 -  Skull Warrior has logged in.
2025-08-30 15:03:36 -  Lula has logged out.
2025-08-30 15:03:48 -  Elzinho Druid has logged out.
2025-08-30 15:04:00 -  Ozymandias has logged out.
2025-08-30 15:04:44 -  Loading Ozymandias...
2025-08-30 15:04:44 -  Ozymandias has logged in.
2025-08-30 15:04:59 -  Loading Lula...
2025-08-30 15:04:59 -  Lula has logged in.
2025-08-30 15:05:45 -  Ozymandias has logged out.
2025-08-30 15:05:59 -  Lula has logged out.
2025-08-30 15:06:04 -  Loading Archmage...
2025-08-30 15:06:04 -  Archmage has logged in.
2025-08-30 15:06:16 -  Loading Ozymandias...
2025-08-30 15:06:16 -  Ozymandias has logged in.
2025-08-30 15:06:43 -  Loading Oppenheimer...
2025-08-30 15:06:43 -  Oppenheimer has logged in.
2025-08-30 15:06:47 -  Loading Lula...
2025-08-30 15:06:47 -  Lula has logged in.
2025-08-30 15:06:57 -  Loading Elzinho Druid...
2025-08-30 15:06:57 -  Elzinho Druid has logged in.
2025-08-30 15:07:15 -  Loading Andin Inevitavel...
2025-08-30 15:07:15 -  Andin Inevitavel has logged in.
2025-08-30 15:07:16 -  Ozymandias has logged out.
2025-08-30 15:07:47 -  Lula has logged out.
2025-08-30 15:07:50 -  Loading Ozymandias...
2025-08-30 15:07:50 -  Ozymandias has logged in.
2025-08-30 15:08:47 -  Loading Lula...
2025-08-30 15:08:47 -  Lula has logged in.
2025-08-30 15:08:50 -  Ozymandias has logged out.
2025-08-30 15:09:17 -  Loading Ozymandias...
2025-08-30 15:09:17 -  Ozymandias has logged in.
2025-08-30 15:09:48 -  Lula has logged out.
2025-08-30 15:09:59 -  Loading Lula...
2025-08-30 15:09:59 -  Lula has logged in.
2025-08-30 15:10:59 -  Lula has logged out.
2025-08-30 15:11:05 -  Andin Inevitavel has logged out.
2025-08-30 15:11:08 -  Loading Andin Inevitavel...
2025-08-30 15:11:08 -  Andin Inevitavel has logged in.
2025-08-30 15:11:26 -  Loading Lula...
2025-08-30 15:11:26 -  Lula has logged in.
2025-08-30 15:11:37 -  Nareba Maconha has logged out.
2025-08-30 15:11:38 -  Loading Nareba Maconha...
2025-08-30 15:11:38 -  Nareba Maconha has logged in.
2025-08-30 15:11:48 -  Ozymandias has logged out.
2025-08-30 15:12:26 -  Nareba Maconha has logged out.
2025-08-30 15:12:27 -  Lula has logged out.
2025-08-30 15:12:27 -  Loading Nareba Maconha...
2025-08-30 15:12:27 -  Nareba Maconha has logged in.
2025-08-30 15:13:05 -  Loading Lula...
2025-08-30 15:13:05 -  Lula has logged in.
2025-08-30 15:13:11 -  Loading Ozymandias...
2025-08-30 15:13:11 -  Ozymandias has logged in.
2025-08-30 15:13:41 -  Eho Jhon has logged out.
2025-08-30 15:13:43 -  Loading Eho Jhon...
2025-08-30 15:13:43 -  Eho Jhon has logged in.
2025-08-30 15:14:06 -  Lula has logged out.
2025-08-30 15:14:11 -  Ozymandias has logged out.
2025-08-30 15:14:11 -  Loading Ozymandias...
2025-08-30 15:14:11 -  Ozymandias has logged in.
2025-08-30 15:14:18 -  Loading Lula...
2025-08-30 15:14:18 -  Lula has logged in.
2025-08-30 15:15:12 -  Ozymandias has logged out.
2025-08-30 15:15:19 -  Lula has logged out.
2025-08-30 15:15:23 -  Loading Ozymandias...
2025-08-30 15:15:23 -  Ozymandias has logged in.
2025-08-30 15:15:26 -  Nareba Maconha has logged out.
2025-08-30 15:15:28 -  Loading Nareba Maconha...
2025-08-30 15:15:28 -  Nareba Maconha has logged in.
2025-08-30 15:16:24 -  Ozymandias has logged out.
2025-08-30 15:16:31 -  Loading Ozymandias...
2025-08-30 15:16:31 -  Ozymandias has logged in.
2025-08-30 15:16:39 -  Nareba Maconha has logged out.
2025-08-30 15:16:43 -  Loading Tuamae Safada...
2025-08-30 15:16:43 -  Tuamae Safada has logged in.
2025-08-30 15:16:46 -  Loading Lula...
2025-08-30 15:16:46 -  Lula has logged in.
2025-08-30 15:16:54 -  Tuamae Safada has logged out.
2025-08-30 15:16:55 -  Loading Nareba Maconha...
2025-08-30 15:16:55 -  Nareba Maconha has logged in.
2025-08-30 15:17:00 -  189.13.226.199 disconnected for exceeding packet per second limit.
2025-08-30 15:17:08 -  Papa Leguas has logged out.
2025-08-30 15:17:11 -  Loading Papa Leguas...
2025-08-30 15:17:11 -  Papa Leguas has logged in.
2025-08-30 15:17:32 -  Ozymandias has logged out.
2025-08-30 15:17:37 -  Loading Ozymandias...
2025-08-30 15:17:37 -  Ozymandias has logged in.
2025-08-30 15:18:38 -  Ozymandias has logged out.
2025-08-30 15:18:51 -  Loading Ozymandias...
2025-08-30 15:18:51 -  Ozymandias has logged in.
2025-08-30 15:19:51 -  Ozymandias has logged out.
2025-08-30 15:20:12 -  Loading Criei Druid...
2025-08-30 15:20:12 -  Criei Druid has logged in.
2025-08-30 15:20:29 -  [BOSS SYSTEM] Spawned: Jormungand
2025-08-30 15:20:29 -  Luana Moranguinho has logged out.
2025-08-30 15:20:30 -  Loading Luana Moranguinho...
2025-08-30 15:20:30 -  Luana Moranguinho has logged in.
2025-08-30 15:20:30 -  Loading Ozymandias...
2025-08-30 15:20:30 -  Ozymandias has logged in.
2025-08-30 15:20:32 -  Luana Moranguinho has logged out.
2025-08-30 15:20:51 -  Receptaculo has logged out.
2025-08-30 15:21:03 -  Lula has logged out.
2025-08-30 15:21:18 -  Orappa has logged out.
2025-08-30 15:21:22 -  Loading Receptaculo...
2025-08-30 15:21:22 -  Receptaculo has logged in.
2025-08-30 15:21:29 -  Loading Lula...
2025-08-30 15:21:29 -  Lula has logged in.
2025-08-30 15:21:31 -  Elf Do Sann has logged out.
2025-08-30 15:21:31 -  Ozymandias has logged out.
2025-08-30 15:21:33 -  Loading Elf Do Sann...
2025-08-30 15:21:33 -  Elf Do Sann has logged in.
2025-08-30 15:22:27 -  Loading Ozymandias...
2025-08-30 15:22:27 -  Ozymandias has logged in.
2025-08-30 15:22:29 -  Lula has logged out.
2025-08-30 15:22:58 -  Loading Lula...
2025-08-30 15:22:58 -  Lula has logged in.
2025-08-30 15:23:27 -  Ozymandias has logged out.
2025-08-30 15:23:36 -  Loading Ozymandias...
2025-08-30 15:23:36 -  Ozymandias has logged in.
2025-08-30 15:23:59 -  Lula has logged out.
2025-08-30 15:24:07 -  Loading Matamata...
2025-08-30 15:24:07 -  Matamata has logged in.
2025-08-30 15:24:36 -  Ozymandias has logged out.
2025-08-30 15:24:49 -  Loading Ozymandias...
2025-08-30 15:24:49 -  Ozymandias has logged in.
2025-08-30 15:25:32 -  Criei Druid has logged out.
2025-08-30 15:25:36 -  Loading Criei Druid...
2025-08-30 15:25:36 -  Criei Druid has logged in.
2025-08-30 15:25:45 -  Loading Lula...
2025-08-30 15:25:46 -  Lula has logged in.
2025-08-30 15:25:46 -  Loading Luana Moranguinho...
2025-08-30 15:25:46 -  Luana Moranguinho has logged in.
2025-08-30 15:25:50 -  Ozymandias has logged out.
2025-08-30 15:25:53 -  Criei Druid has logged out.
2025-08-30 15:26:02 -  Loading Ozymandias...
2025-08-30 15:26:02 -  Ozymandias has logged in.
2025-08-30 15:26:13 -  Loading Orappa...
2025-08-30 15:26:13 -  Orappa has logged in.
2025-08-30 15:26:42 -  Loading Criei Druid...
2025-08-30 15:26:42 -  Criei Druid has logged in.
2025-08-30 15:26:47 -  Elfzada has logged out.
2025-08-30 15:27:03 -  Ozymandias has logged out.
2025-08-30 15:27:12 -  Loading Ozymandias...
2025-08-30 15:27:12 -  Ozymandias has logged in.
2025-08-30 15:27:22 -  Loading Elfzada...
2025-08-30 15:27:22 -  Elfzada has logged in.
2025-08-30 15:27:31 -  Lula has logged out.
2025-08-30 15:27:42 -  Loading Lula...
2025-08-30 15:27:42 -  Lula has logged in.
2025-08-30 15:28:12 -  Ozymandias has logged out.
2025-08-30 15:28:27 -  Loading Ozymandias...
2025-08-30 15:28:27 -  Ozymandias has logged in.
2025-08-30 15:29:10 -  Lula has logged out.
2025-08-30 15:29:21 -  Loading Lula...
2025-08-30 15:29:21 -  Lula has logged in.
2025-08-30 15:30:13 -  Ozymandias has logged out.
2025-08-30 15:30:26 -  Loading Ozymandias...
2025-08-30 15:30:26 -  Ozymandias has logged in.
2025-08-30 15:30:30 -  Lula has logged out.
2025-08-30 15:30:34 -  Loading Lula...
2025-08-30 15:30:34 -  Lula has logged in.
2025-08-30 15:31:10 -  Aleska Teodoro has logged out.
2025-08-30 15:31:27 -  Ozymandias has logged out.
2025-08-30 15:31:55 -  Loading Ozymandias...
2025-08-30 15:31:55 -  Ozymandias has logged in.
2025-08-30 15:32:18 -  Lula has logged out.
2025-08-30 15:32:18 -  Loading Lula...
2025-08-30 15:32:18 -  Lula has logged in.
2025-08-30 15:32:37 -  Loading Aleska Teodoro...
2025-08-30 15:32:37 -  Aleska Teodoro has logged in.
2025-08-30 15:32:55 -  Ozymandias has logged out.
2025-08-30 15:33:19 -  > [GOD] Middle Earth broadcasted: "Boa tarde, o servidor ser reiniciado as 15:40 para algumas correes importantes, aps o reiniciamento do servidor, vou lanar o patch no site.".
2025-08-30 15:33:19 -  Lula has logged out.
2025-08-30 15:33:31 -  Loading Ozymandias...
2025-08-30 15:33:31 -  Ozymandias has logged in.
2025-08-30 15:33:49 -  Loading Lula...
2025-08-30 15:33:49 -  Lula has logged in.
2025-08-30 15:33:50 -  Skull Warrior has logged out.
2025-08-30 15:33:52 -  Loading Maggot...
2025-08-30 15:33:52 -  Maggot has logged in.
2025-08-30 15:34:14 -  Elrond Druid has logged out.
2025-08-30 15:34:18 -  Maggot has logged out.
2025-08-30 15:34:20 -  Loading Elrond Druid...
2025-08-30 15:34:20 -  Elrond Druid has logged in.
2025-08-30 15:34:31 -  Ozymandias has logged out.
2025-08-30 15:34:32 -  Elrond Druid has logged out.
2025-08-30 15:34:49 -  Lula has logged out.
2025-08-30 15:34:51 -  Loading Ozymandias...
2025-08-30 15:34:51 -  Ozymandias has logged in.
2025-08-30 15:35:00 -  Loading Lula...
2025-08-30 15:35:00 -  Lula has logged in.
2025-08-30 15:35:52 -  Ozymandias has logged out.
2025-08-30 15:36:00 -  Lula has logged out.
2025-08-30 15:36:01 -  Loading Lula...
2025-08-30 15:36:01 -  Lula has logged in.
2025-08-30 15:36:10 -  Loading Ozymandias...
2025-08-30 15:36:10 -  Ozymandias has logged in.
2025-08-30 15:37:00 -  Criei Druid has logged out.
2025-08-30 15:37:10 -  > [GOD] Middle Earth broadcasted: "O servidor ser reiniciado em 4 minutos para novas alteraes.".
2025-08-30 15:37:10 -  Ozymandias has logged out.
2025-08-30 15:37:19 -  Loading Ozymandias...
2025-08-30 15:37:19 -  Ozymandias has logged in.
2025-08-30 15:37:30 -  Lula has logged out.
2025-08-30 15:37:36 -  Elf Do Sann has logged out.
2025-08-30 15:37:38 -  Loading Lula...
2025-08-30 15:37:38 -  Lula has logged in.
2025-08-30 15:37:38 -  Loading Elf Do Sann...
2025-08-30 15:37:38 -  Elf Do Sann has logged in.
2025-08-30 15:38:19 -  Ozymandias has logged out.
2025-08-30 15:38:31 -  Loading Ozymandias...
2025-08-30 15:38:31 -  Ozymandias has logged in.
2025-08-30 15:38:38 -  Lula has logged out.
2025-08-30 15:38:40 -  Tio Bimbo has logged out.
2025-08-30 15:38:43 -  Motumbo has logged out.
2025-08-30 15:38:45 -  Chupacu De Goianinha has logged out.
2025-08-30 15:38:47 -  Loading Lula...
2025-08-30 15:38:47 -  Lula has logged in.
2025-08-30 15:39:32 -  Ozymandias has logged out.
2025-08-30 15:39:41 -  Loading Ozymandias...
2025-08-30 15:39:41 -  Ozymandias has logged in.
2025-08-30 15:39:48 -  Lula has logged out.
2025-08-30 15:40:09 -  > [GOD] Middle Earth broadcasted: "O servidor ser reiniciado em 1 minuto, saiam das hunts ou reas perigosas.".
2025-08-30 15:40:09 -  Loading Lula...
2025-08-30 15:40:09 -  Lula has logged in.
2025-08-30 15:40:21 -  [BOSS SYSTEM] Spawned: Emelianenko
2025-08-30 15:40:21 -  Saving server... 30/08/2025 15:40:21
2025-08-30 15:40:22 -  > Saved house items in: 0.136 s
2025-08-30 15:40:38 -  Lula has logged out.
2025-08-30 15:40:38 -  Ozymandias has logged out.
2025-08-30 15:40:38 -  Elf Do Sann has logged out.
2025-08-30 15:40:38 -  Aleska Teodoro has logged out.
2025-08-30 15:40:38 -  Elfzada has logged out.
2025-08-30 15:40:38 -  Orappa has logged out.
2025-08-30 15:40:38 -  Luana Moranguinho has logged out.
2025-08-30 15:40:38 -  Receptaculo has logged out.
2025-08-30 15:40:38 -  Papa Leguas has logged out.
2025-08-30 15:40:38 -  Eho Jhon has logged out.
2025-08-30 15:40:38 -  Andin Inevitavel has logged out.
2025-08-30 15:40:38 -  Elzinho Druid has logged out.
2025-08-30 15:40:38 -  Oppenheimer has logged out.
2025-08-30 15:40:38 -  Archmage has logged out.
2025-08-30 15:40:38 -  Derethor has logged out.
2025-08-30 15:40:38 -  Legollas has logged out.
2025-08-30 15:40:38 -  Finado Guerme has logged out.
2025-08-30 15:40:38 -  Holly Bolter has logged out.
2025-08-30 15:40:38 -  Zico Dez has logged out.
2025-08-30 15:40:38 -  Alexia Putellas has logged out.
2025-08-30 15:40:38 -  Benn Beckmann has logged out.
2025-08-30 15:40:38 -  Joviix has logged out.
2025-08-30 15:40:38 -  Re Zero Beatrice has logged out.
2025-08-30 15:40:38 -  Terceiro has logged out.
2025-08-30 15:40:38 -  Matamata has logged out.
2025-08-30 15:40:38 -  Robin Hood has logged out.
2025-08-30 15:40:38 -  Dulokz has logged out.
2025-08-30 15:40:38 -  Orc Lokao has logged out.
2025-08-30 15:40:38 -  Criador De Jutsu has logged out.
2025-08-30 15:40:38 -  Tu Culo Es Mio has logged out.
2025-08-30 15:40:38 -  Tutubarao has logged out.
2025-08-30 15:40:38 -  Tumzao has logged out.
2025-08-30 15:40:38 -  Zangief has logged out.
2025-08-30 15:40:38 -  China Weed Lover has logged out.
2025-08-30 15:40:38 -  Magnitsky has logged out.
2025-08-30 15:40:38 -  Gepeto has logged out.
2025-08-30 15:40:38 -  Sujiro Kimechup has logged out.
2025-08-30 15:40:38 -  Nareba Maconha has logged out.
2025-08-30 15:40:38 -  Aokiji has logged out.
2025-08-30 15:40:38 -  Stormy has logged out.
2025-08-30 15:40:38 -  Tolkien has logged out.
2025-08-30 15:40:38 -  Pinoquio has logged out.
2025-08-30 15:40:38 -  Zhang Chulan has logged out.
2025-08-30 15:40:38 -  Jurasmo has logged out.
2025-08-30 15:40:38 -  Skylline has logged out.
2025-08-30 15:40:38 -  Dumdum has logged out.
2025-08-30 15:40:38 -  Xupaengola has logged out.
2025-08-30 15:40:38 -  Not Havenick has logged out.
2025-08-30 15:40:38 -  Duboldinho has logged out.
2025-08-30 15:40:38 -  Boia Fria has logged out.
2025-08-30 15:40:38 -  Stark has logged out.
2025-08-30 15:40:38 -  Labanquito has logged out.
2025-08-30 15:40:38 -  Aranha has logged out.
2025-08-30 15:40:39 -  China Money Maker has logged out.
2025-08-30 15:40:39 -  Reiyu Shita has logged out.
2025-08-30 15:40:39 -  Paramax has logged out.
2025-08-30 15:40:39 -  Kaka Bueno has logged out.
2025-08-30 15:40:39 -  Alagoano Alma has logged out.
2025-08-30 15:40:39 -  Ojuara has logged out.
2025-08-30 15:40:39 -  Kropokiev has logged out.
2025-08-30 15:40:39 -  Palla Dois has logged out.
2025-08-30 15:40:39 -  Awesome Sophia has logged out.
2025-08-30 15:40:39 -  Putifero has logged out.
2025-08-30 15:40:39 -  Kyou Kai has logged out.
2025-08-30 15:40:39 -  Sauron has logged out.
2025-08-30 15:40:39 -  Logitch has logged out.
2025-08-30 15:40:39 -  Anna Koldings has logged out.
2025-08-30 15:40:39 -  Gaa Ahz has logged out.
2025-08-30 15:40:39 -  Fuu Houhou has logged out.
2025-08-30 15:40:39 -  Dwarf King has logged out.
2025-08-30 15:40:39 -  Jumahu has logged out.
2025-08-30 15:40:39 -  Orc Vegano has logged out.
2025-08-30 15:40:39 -  Saving server... 30/08/2025 15:40:39
2025-08-30 15:40:39 -  > Saved house items in: 0.124 s
2025-08-30 15:41:06 -  [CM] Middle Earth has logged out.
2025-08-30 15:41:06 -  [GOD] Middle Earth has logged out.
2025-08-30 15:41:06 -  Saving server... 30/08/2025 15:41:06
2025-08-30 15:41:06 -  > Saved house items in: 0.124 s
2025-08-30 15:41:06 -  Shutting down...Saving server... 30/08/2025 15:41:06
2025-08-30 15:41:07 -  > Saved house items in: 0.124 s
2025-08-30 15:41:07 -  [Thread 0x7ffff4b0d700 (LWP 187912) exited]
2025-08-30 15:41:07 -  [Thread 0x7ffff5322700 (LWP 187911) exited]
2025-08-30 15:41:07 -   done!
2025-08-30 15:41:07 -  [Thread 0x7ffff5b23700 (LWP 187910) exited]
