2025-08-28 22:31:40 -  [Thread debugging using libthread_db enabled]
2025-08-28 22:31:40 -  Using host libthread_db library "/lib/x86_64-linux-gnu/libthread_db.so.1".
2025-08-28 22:31:40 -  [New Thread 0x7ffff5b23700 (LWP 175362)]
2025-08-28 22:31:40 -  [New Thread 0x7ffff5322700 (LWP 175363)]
2025-08-28 22:31:40 -  The OTG-BR - Version: (1.4)
2025-08-28 22:31:40 -  Compiled with: GNU C++ version 9.4.0
2025-08-28 22:31:40 -  Compiled on Aug 12 2025 23:00:12 for platform x64
2025-08-28 22:31:40 -  
2025-08-28 22:31:40 -  Engine Credits for: TFS Team, OTG Team....
2025-08-28 22:31:40 -  A server developed by Johncore, Mark Samman and Jonathan..
2025-08-28 22:31:40 -  
2025-08-28 22:31:40 -  >> Loading config: config.lua
2025-08-28 22:31:40 -  >> Establishing database connection...WARNING: MYSQL_OPT_RECONNECT is deprecated and will be removed in a future version.
2025-08-28 22:31:40 -   MySQL 8.0.42
2025-08-28 22:31:40 -  >> Running database manager
2025-08-28 22:31:40 -  WARNING: MYSQL_OPT_RECONNECT is deprecated and will be removed in a future version.
2025-08-28 22:31:40 -  [New Thread 0x7ffff4b0d700 (LWP 175364)]
2025-08-28 22:31:40 -  > Optimizing table players_online... [success]
2025-08-28 22:31:40 -  >> Loading vocations
2025-08-28 22:31:40 -  >> Loading items
2025-08-28 22:31:41 -  >> Loading script systems
2025-08-28 22:31:41 -  >> Loading lua libs
2025-08-28 22:31:42 -  >> Loading bestiary
2025-08-28 22:31:42 -  >> Loading lua scripts
2025-08-28 22:31:42 -  >> Loading monsters
2025-08-28 22:31:42 -  >> Loading lua monsters
2025-08-28 22:31:42 -  >> Loading outfits
2025-08-28 22:31:42 -  >> Loading imbuements
2025-08-28 22:31:42 -  >> Loading charms
2025-08-28 22:31:42 -  >> Loading Store
2025-08-28 22:31:42 -  >> Loading prey data
2025-08-28 22:31:42 -  >> Checking world type... RETRO-PVP
2025-08-28 22:31:42 -  >> Loading map
2025-08-28 22:31:49 -  > Map size: 2293x2048.
2025-08-28 22:32:05 -  > Map loading time: 23.086 seconds.
2025-08-28 22:32:06 -  > Loaded house items in: 0.004 s
2025-08-28 22:32:06 -  >> Loading guilds... No guild to load.
2025-08-28 22:32:06 -  >> Initializing gamestate
2025-08-28 22:32:06 -  > Loaded spawns in 0.6 seconds.
2025-08-28 22:32:06 -  >> Loaded 202 npcs and spawned 21092 monsters.
2025-08-28 22:32:06 -  >> Loaded 17 towns with 588 houses in total.
2025-08-28 22:32:06 -  >> Start time: 28.08.2025 - 22:32:06
2025-08-28 22:32:06 -  Initialization complete.
2025-08-28 22:32:06 -  >> Loaded all modules, server starting up...
2025-08-28 22:32:06 -  > Warning: OTG-BR has been executed as root user, please consider running it as a normal user.
2025-08-28 22:32:06 -  >> Middle Earth Server Server Online!
2025-08-28 22:32:06 -  
2025-08-28 22:32:06 -  >> Server started in 26.111 seconds.
2025-08-28 22:32:07 -  Loading [GOD] Middle Earth...
2025-08-28 22:32:07 -  [GOD] Middle Earth has logged in.
2025-08-28 22:32:07 -  Loading Dwarf King...
2025-08-28 22:32:07 -  Dwarf King has logged in.
2025-08-28 22:32:07 -  Loading Anna Koldings...
2025-08-28 22:32:07 -  Anna Koldings has logged in.
2025-08-28 22:32:07 -  Loading Picapau...
2025-08-28 22:32:07 -  Picapau has logged in.
2025-08-28 22:32:07 -  Loading Orappa...
2025-08-28 22:32:07 -  Orappa has logged in.
2025-08-28 22:32:07 -  Loading Reiyu Shita...
2025-08-28 22:32:07 -  Reiyu Shita has logged in.
2025-08-28 22:32:07 -  Loading Magnitsky...
2025-08-28 22:32:07 -  Magnitsky has logged in.
2025-08-28 22:32:07 -  Loading Atiira Muito...
2025-08-28 22:32:07 -  Atiira Muito has logged in.
2025-08-28 22:32:07 -  Loading Labanquito...
2025-08-28 22:32:07 -  Labanquito has logged in.
2025-08-28 22:32:07 -  Loading Drumbash Pebblebeard...
2025-08-28 22:32:07 -  Drumbash Pebblebeard has logged in.
2025-08-28 22:32:07 -  Loading Breno Lim...
2025-08-28 22:32:07 -  Breno Lim has logged in.
2025-08-28 22:32:07 -  Loading Aragorn...
2025-08-28 22:32:07 -  Aragorn has logged in.
2025-08-28 22:32:07 -  Loading Gepeto...
2025-08-28 22:32:07 -  Gepeto has logged in.
2025-08-28 22:32:07 -  Loading Thaynan Charlove...
2025-08-28 22:32:07 -  Thaynan Charlove has logged in.
2025-08-28 22:32:07 -  Loading Terceiro...
2025-08-28 22:32:07 -  Terceiro has logged in.
2025-08-28 22:32:07 -  Loading Shawty...
2025-08-28 22:32:07 -  Shawty has logged in.
2025-08-28 22:32:07 -  Loading China Money Maker...
2025-08-28 22:32:07 -  China Money Maker has logged in.
2025-08-28 22:32:07 -  Loading Usain Arrow...
2025-08-28 22:32:07 -  Usain Arrow has logged in.
2025-08-28 22:32:07 -  Loading Skylline...
2025-08-28 22:32:07 -  Skylline has logged in.
2025-08-28 22:32:07 -  Loading China Weed Lover...
2025-08-28 22:32:07 -  China Weed Lover has logged in.
2025-08-28 22:32:07 -  Loading Paramax...
2025-08-28 22:32:07 -  Paramax has logged in.
2025-08-28 22:32:07 -  Loading Sujiro Kimechup...
2025-08-28 22:32:07 -  Sujiro Kimechup has logged in.
2025-08-28 22:32:07 -  Loading Jumahu...
2025-08-28 22:32:07 -  Jumahu has logged in.
2025-08-28 22:32:07 -  Loading Logitch...
2025-08-28 22:32:07 -  Logitch has logged in.
2025-08-28 22:32:08 -  Loading Luana Moranguinho...
2025-08-28 22:32:08 -  Luana Moranguinho has logged in.
2025-08-28 22:32:08 -  Loading Criei Druid...
2025-08-28 22:32:08 -  Criei Druid has logged in.
2025-08-28 22:32:08 -  Loading Aleska Teodoro...
2025-08-28 22:32:08 -  Aleska Teodoro has logged in.
2025-08-28 22:32:08 -  Loading Robin Hood...
2025-08-28 22:32:08 -  Robin Hood has logged in.
2025-08-28 22:32:08 -  Loading Stark...
2025-08-28 22:32:08 -  Stark has logged in.
2025-08-28 22:32:08 -  Loading Duboldinho...
2025-08-28 22:32:08 -  Duboldinho has logged in.
2025-08-28 22:32:08 -  Loading Stormy...
2025-08-28 22:32:08 -  Stormy has logged in.
2025-08-28 22:32:08 -  Loading Tolkien...
2025-08-28 22:32:08 -  Tolkien has logged in.
2025-08-28 22:32:08 -  Loading Legollas...
2025-08-28 22:32:08 -  Legollas has logged in.
2025-08-28 22:32:09 -  Loading Awesome Sophia...
2025-08-28 22:32:09 -  Awesome Sophia has logged in.
2025-08-28 22:32:09 -  Loading [CM] Middle Earth...
2025-08-28 22:32:09 -  [CM] Middle Earth has logged in.
2025-08-28 22:32:12 -  Loading Alexia Putellas...
2025-08-28 22:32:12 -  Alexia Putellas has logged in.
2025-08-28 22:32:20 -  Loading Ojuara...
2025-08-28 22:32:20 -  Ojuara has logged in.
2025-08-28 22:32:23 -  Loading Alagoano Alma...
2025-08-28 22:32:23 -  Alagoano Alma has logged in.
2025-08-28 22:32:24 -  Loading Putifero...
2025-08-28 22:32:24 -  Putifero has logged in.
2025-08-28 22:32:25 -  Loading Receptaculo...
2025-08-28 22:32:25 -  Receptaculo has logged in.
2025-08-28 22:32:30 -  Loading Chou Soran...
2025-08-28 22:32:30 -  Chou Soran has logged in.
2025-08-28 22:32:54 -  Loading Zhang Chulan...
2025-08-28 22:32:54 -  Zhang Chulan has logged in.
2025-08-28 22:33:36 -  Sujiro Kimechup has logged out.
2025-08-28 22:33:42 -  Loading Orc Lokao...
2025-08-28 22:33:42 -  Orc Lokao has logged in.
2025-08-28 22:34:09 -  Loading Sujiro Kimechup...
2025-08-28 22:34:09 -  Sujiro Kimechup has logged in.
2025-08-28 22:35:19 -  Loading Oppenheimer...
2025-08-28 22:35:19 -  Oppenheimer has logged in.
2025-08-28 22:35:42 -  Labanquito has logged out.
2025-08-28 22:35:44 -  Loading Labanquito...
2025-08-28 22:35:44 -  Labanquito has logged in.
2025-08-28 22:36:03 -  Loading Andin Inevitavel...
2025-08-28 22:36:03 -  Andin Inevitavel has logged in.
2025-08-28 22:37:30 -  Orc Lokao has logged out.
2025-08-28 22:37:32 -  Loading Orc Lokao...
2025-08-28 22:37:32 -  Orc Lokao has logged in.
2025-08-28 22:38:43 -  Andin Inevitavel has logged out.
